{"D:\\DeployBackEndCEO\\NovoBackEnd\\controller\\AuthController.js": {"path":"D:\\DeployBackEndCEO\\NovoBackEnd\\controller\\AuthController.js","statementMap":{"0":{"start":{"line":4,"column":2},"end":{"line":16,"column":3}},"1":{"start":{"line":5,"column":30},"end":{"line":5,"column":38}},"2":{"start":{"line":7,"column":19},"end":{"line":7,"column":54}},"3":{"start":{"line":9,"column":4},"end":{"line":13,"column":6}},"4":{"start":{"line":15,"column":4},"end":{"line":15,"column":16}},"5":{"start":{"line":20,"column":2},"end":{"line":32,"column":3}},"6":{"start":{"line":21,"column":20},"end":{"line":21,"column":28}},"7":{"start":{"line":23,"column":19},"end":{"line":23,"column":50}},"8":{"start":{"line":25,"column":4},"end":{"line":29,"column":6}},"9":{"start":{"line":31,"column":4},"end":{"line":31,"column":15}},"10":{"start":{"line":36,"column":2},"end":{"line":46,"column":3}},"11":{"start":{"line":37,"column":25},"end":{"line":37,"column":33}},"12":{"start":{"line":39,"column":19},"end":{"line":39,"column":59}},"13":{"start":{"line":41,"column":4},"end":{"line":43,"column":6}},"14":{"start":{"line":45,"column":4},"end":{"line":45,"column":15}}},"fnMap":{"0":{"name":"loginController","decl":{"start":{"line":3,"column":22},"end":{"line":3,"column":37}},"loc":{"start":{"line":3,"column":53},"end":{"line":17,"column":1}},"line":3},"1":{"name":"generateOtpController","decl":{"start":{"line":19,"column":22},"end":{"line":19,"column":43}},"loc":{"start":{"line":19,"column":60},"end":{"line":33,"column":1}},"line":19},"2":{"name":"verificationOtpController","decl":{"start":{"line":35,"column":22},"end":{"line":35,"column":47}},"loc":{"start":{"line":35,"column":64},"end":{"line":47,"column":1}},"line":35}},"branchMap":{},"s":{"0":1,"1":1,"2":1,"3":0,"4":1,"5":0,"6":0,"7":0,"8":0,"9":0,"10":0,"11":0,"12":0,"13":0,"14":0},"f":{"0":1,"1":0,"2":0},"b":{},"inputSourceMap":null,"_coverageSchema":"1a1c01bbd47fc00a2c39e90264f33305004495a9","hash":"392acc1b3cfd4e15e643297fd0feace46c3d5124"}
,"D:\\DeployBackEndCEO\\NovoBackEnd\\controller\\CommentController.js": {"path":"D:\\DeployBackEndCEO\\NovoBackEnd\\controller\\CommentController.js","statementMap":{"0":{"start":{"line":9,"column":2},"end":{"line":15,"column":3}},"1":{"start":{"line":10,"column":23},"end":{"line":10,"column":33}},"2":{"start":{"line":11,"column":19},"end":{"line":11,"column":59}},"3":{"start":{"line":12,"column":4},"end":{"line":12,"column":40}},"4":{"start":{"line":14,"column":4},"end":{"line":14,"column":16}},"5":{"start":{"line":19,"column":2},"end":{"line":27,"column":3}},"6":{"start":{"line":20,"column":23},"end":{"line":20,"column":33}},"7":{"start":{"line":21,"column":24},"end":{"line":21,"column":35}},"8":{"start":{"line":22,"column":24},"end":{"line":22,"column":32}},"9":{"start":{"line":23,"column":19},"end":{"line":23,"column":79}},"10":{"start":{"line":24,"column":4},"end":{"line":24,"column":40}},"11":{"start":{"line":26,"column":4},"end":{"line":26,"column":16}},"12":{"start":{"line":31,"column":2},"end":{"line":39,"column":3}},"13":{"start":{"line":32,"column":27},"end":{"line":32,"column":37}},"14":{"start":{"line":33,"column":24},"end":{"line":33,"column":35}},"15":{"start":{"line":34,"column":24},"end":{"line":34,"column":32}},"16":{"start":{"line":35,"column":19},"end":{"line":35,"column":79}},"17":{"start":{"line":36,"column":4},"end":{"line":36,"column":40}},"18":{"start":{"line":38,"column":4},"end":{"line":38,"column":16}},"19":{"start":{"line":43,"column":2},"end":{"line":50,"column":3}},"20":{"start":{"line":44,"column":27},"end":{"line":44,"column":37}},"21":{"start":{"line":45,"column":24},"end":{"line":45,"column":35}},"22":{"start":{"line":46,"column":19},"end":{"line":46,"column":70}},"23":{"start":{"line":47,"column":4},"end":{"line":47,"column":40}},"24":{"start":{"line":49,"column":4},"end":{"line":49,"column":16}}},"fnMap":{"0":{"name":"getCommentsByPostIdController","decl":{"start":{"line":8,"column":22},"end":{"line":8,"column":51}},"loc":{"start":{"line":8,"column":68},"end":{"line":16,"column":1}},"line":8},"1":{"name":"createCommentController","decl":{"start":{"line":18,"column":22},"end":{"line":18,"column":45}},"loc":{"start":{"line":18,"column":62},"end":{"line":28,"column":1}},"line":18},"2":{"name":"updateCommentController","decl":{"start":{"line":30,"column":22},"end":{"line":30,"column":45}},"loc":{"start":{"line":30,"column":62},"end":{"line":40,"column":1}},"line":30},"3":{"name":"deleteCommentController","decl":{"start":{"line":42,"column":22},"end":{"line":42,"column":45}},"loc":{"start":{"line":42,"column":62},"end":{"line":51,"column":1}},"line":42}},"branchMap":{},"s":{"0":0,"1":0,"2":0,"3":0,"4":0,"5":0,"6":0,"7":0,"8":0,"9":0,"10":0,"11":0,"12":0,"13":0,"14":0,"15":0,"16":0,"17":0,"18":0,"19":0,"20":0,"21":0,"22":0,"23":0,"24":0},"f":{"0":0,"1":0,"2":0,"3":0},"b":{},"inputSourceMap":null}
,"D:\\DeployBackEndCEO\\NovoBackEnd\\controller\\FavoriteController.js": {"path":"D:\\DeployBackEndCEO\\NovoBackEnd\\controller\\FavoriteController.js","statementMap":{"0":{"start":{"line":7,"column":2},"end":{"line":13,"column":3}},"1":{"start":{"line":8,"column":24},"end":{"line":8,"column":35}},"2":{"start":{"line":9,"column":19},"end":{"line":9,"column":67}},"3":{"start":{"line":10,"column":4},"end":{"line":10,"column":40}},"4":{"start":{"line":12,"column":4},"end":{"line":12,"column":16}},"5":{"start":{"line":17,"column":2},"end":{"line":24,"column":3}},"6":{"start":{"line":18,"column":24},"end":{"line":18,"column":35}},"7":{"start":{"line":19,"column":31},"end":{"line":19,"column":39}},"8":{"start":{"line":20,"column":19},"end":{"line":20,"column":79}},"9":{"start":{"line":21,"column":4},"end":{"line":21,"column":40}},"10":{"start":{"line":23,"column":4},"end":{"line":23,"column":16}}},"fnMap":{"0":{"name":"viewAllFavoritesByUserController","decl":{"start":{"line":6,"column":22},"end":{"line":6,"column":54}},"loc":{"start":{"line":6,"column":71},"end":{"line":14,"column":1}},"line":6},"1":{"name":"createFavoriteBookController","decl":{"start":{"line":16,"column":22},"end":{"line":16,"column":50}},"loc":{"start":{"line":16,"column":67},"end":{"line":25,"column":1}},"line":16}},"branchMap":{},"s":{"0":0,"1":0,"2":0,"3":0,"4":0,"5":0,"6":0,"7":0,"8":0,"9":0,"10":0},"f":{"0":0,"1":0},"b":{},"inputSourceMap":null}
,"D:\\DeployBackEndCEO\\NovoBackEnd\\controller\\GroupOfStudyController.js": {"path":"D:\\DeployBackEndCEO\\NovoBackEnd\\controller\\GroupOfStudyController.js","statementMap":{"0":{"start":{"line":17,"column":2},"end":{"line":22,"column":3}},"1":{"start":{"line":18,"column":19},"end":{"line":18,"column":43}},"2":{"start":{"line":19,"column":4},"end":{"line":19,"column":40}},"3":{"start":{"line":21,"column":4},"end":{"line":21,"column":16}},"4":{"start":{"line":26,"column":2},"end":{"line":32,"column":3}},"5":{"start":{"line":27,"column":26},"end":{"line":27,"column":36}},"6":{"start":{"line":28,"column":19},"end":{"line":28,"column":58}},"7":{"start":{"line":29,"column":4},"end":{"line":29,"column":40}},"8":{"start":{"line":31,"column":4},"end":{"line":31,"column":16}},"9":{"start":{"line":37,"column":2},"end":{"line":42,"column":3}},"10":{"start":{"line":38,"column":19},"end":{"line":38,"column":53}},"11":{"start":{"line":39,"column":4},"end":{"line":39,"column":40}},"12":{"start":{"line":41,"column":4},"end":{"line":41,"column":16}},"13":{"start":{"line":47,"column":2},"end":{"line":55,"column":3}},"14":{"start":{"line":48,"column":31},"end":{"line":48,"column":41}},"15":{"start":{"line":49,"column":26},"end":{"line":49,"column":34}},"16":{"start":{"line":51,"column":19},"end":{"line":51,"column":74}},"17":{"start":{"line":52,"column":4},"end":{"line":52,"column":40}},"18":{"start":{"line":54,"column":4},"end":{"line":54,"column":16}},"19":{"start":{"line":59,"column":2},"end":{"line":67,"column":3}},"20":{"start":{"line":60,"column":31},"end":{"line":60,"column":41}},"21":{"start":{"line":61,"column":28},"end":{"line":61,"column":36}},"22":{"start":{"line":63,"column":19},"end":{"line":63,"column":83}},"23":{"start":{"line":64,"column":4},"end":{"line":64,"column":40}},"24":{"start":{"line":66,"column":4},"end":{"line":66,"column":16}},"25":{"start":{"line":71,"column":2},"end":{"line":79,"column":3}},"26":{"start":{"line":72,"column":31},"end":{"line":72,"column":41}},"27":{"start":{"line":73,"column":26},"end":{"line":73,"column":34}},"28":{"start":{"line":75,"column":19},"end":{"line":75,"column":79}},"29":{"start":{"line":76,"column":4},"end":{"line":76,"column":40}},"30":{"start":{"line":78,"column":4},"end":{"line":78,"column":16}},"31":{"start":{"line":83,"column":2},"end":{"line":91,"column":3}},"32":{"start":{"line":84,"column":31},"end":{"line":84,"column":41}},"33":{"start":{"line":85,"column":26},"end":{"line":85,"column":34}},"34":{"start":{"line":87,"column":19},"end":{"line":87,"column":79}},"35":{"start":{"line":88,"column":4},"end":{"line":88,"column":40}},"36":{"start":{"line":90,"column":4},"end":{"line":90,"column":16}},"37":{"start":{"line":95,"column":2},"end":{"line":103,"column":3}},"38":{"start":{"line":96,"column":31},"end":{"line":96,"column":41}},"39":{"start":{"line":97,"column":24},"end":{"line":97,"column":32}},"40":{"start":{"line":99,"column":19},"end":{"line":99,"column":75}},"41":{"start":{"line":100,"column":4},"end":{"line":100,"column":40}},"42":{"start":{"line":102,"column":4},"end":{"line":102,"column":16}},"43":{"start":{"line":107,"column":2},"end":{"line":115,"column":3}},"44":{"start":{"line":108,"column":31},"end":{"line":108,"column":41}},"45":{"start":{"line":109,"column":26},"end":{"line":109,"column":34}},"46":{"start":{"line":111,"column":19},"end":{"line":111,"column":74}},"47":{"start":{"line":112,"column":4},"end":{"line":112,"column":40}},"48":{"start":{"line":114,"column":4},"end":{"line":114,"column":16}},"49":{"start":{"line":119,"column":2},"end":{"line":127,"column":3}},"50":{"start":{"line":120,"column":31},"end":{"line":120,"column":41}},"51":{"start":{"line":121,"column":29},"end":{"line":121,"column":37}},"52":{"start":{"line":123,"column":19},"end":{"line":123,"column":85}},"53":{"start":{"line":124,"column":4},"end":{"line":124,"column":40}},"54":{"start":{"line":126,"column":4},"end":{"line":126,"column":16}},"55":{"start":{"line":132,"column":2},"end":{"line":138,"column":3}},"56":{"start":{"line":133,"column":31},"end":{"line":133,"column":41}},"57":{"start":{"line":134,"column":19},"end":{"line":134,"column":59}},"58":{"start":{"line":135,"column":4},"end":{"line":135,"column":40}},"59":{"start":{"line":137,"column":4},"end":{"line":137,"column":16}}},"fnMap":{"0":{"name":"getGroupsController","decl":{"start":{"line":16,"column":22},"end":{"line":16,"column":41}},"loc":{"start":{"line":16,"column":58},"end":{"line":23,"column":1}},"line":16},"1":{"name":"getGroupsByTypeController","decl":{"start":{"line":25,"column":22},"end":{"line":25,"column":47}},"loc":{"start":{"line":25,"column":64},"end":{"line":33,"column":1}},"line":25},"2":{"name":"createGroupController","decl":{"start":{"line":36,"column":22},"end":{"line":36,"column":43}},"loc":{"start":{"line":36,"column":60},"end":{"line":43,"column":1}},"line":36},"3":{"name":"updateGroupNameController","decl":{"start":{"line":46,"column":22},"end":{"line":46,"column":47}},"loc":{"start":{"line":46,"column":64},"end":{"line":56,"column":1}},"line":46},"4":{"name":"updateGroupDescriptionController","decl":{"start":{"line":58,"column":22},"end":{"line":58,"column":54}},"loc":{"start":{"line":58,"column":71},"end":{"line":68,"column":1}},"line":58},"5":{"name":"updateGroupDayOfWeekController","decl":{"start":{"line":70,"column":22},"end":{"line":70,"column":52}},"loc":{"start":{"line":70,"column":69},"end":{"line":80,"column":1}},"line":70},"6":{"name":"updateGroupStartTimeController","decl":{"start":{"line":82,"column":22},"end":{"line":82,"column":52}},"loc":{"start":{"line":82,"column":69},"end":{"line":92,"column":1}},"line":82},"7":{"name":"updateGroupEndTimeController","decl":{"start":{"line":94,"column":22},"end":{"line":94,"column":50}},"loc":{"start":{"line":94,"column":67},"end":{"line":104,"column":1}},"line":94},"8":{"name":"updateGroupTypeController","decl":{"start":{"line":106,"column":22},"end":{"line":106,"column":47}},"loc":{"start":{"line":106,"column":64},"end":{"line":116,"column":1}},"line":106},"9":{"name":"updateGroupRequirementsController","decl":{"start":{"line":118,"column":22},"end":{"line":118,"column":55}},"loc":{"start":{"line":118,"column":72},"end":{"line":128,"column":1}},"line":118},"10":{"name":"deleteGroupController","decl":{"start":{"line":131,"column":22},"end":{"line":131,"column":43}},"loc":{"start":{"line":131,"column":60},"end":{"line":139,"column":1}},"line":131}},"branchMap":{},"s":{"0":0,"1":0,"2":0,"3":0,"4":0,"5":0,"6":0,"7":0,"8":0,"9":0,"10":0,"11":0,"12":0,"13":0,"14":0,"15":0,"16":0,"17":0,"18":0,"19":0,"20":0,"21":0,"22":0,"23":0,"24":0,"25":0,"26":0,"27":0,"28":0,"29":0,"30":0,"31":0,"32":0,"33":0,"34":0,"35":0,"36":0,"37":0,"38":0,"39":0,"40":0,"41":0,"42":0,"43":0,"44":0,"45":0,"46":0,"47":0,"48":0,"49":0,"50":0,"51":0,"52":0,"53":0,"54":0,"55":0,"56":0,"57":0,"58":0,"59":0},"f":{"0":0,"1":0,"2":0,"3":0,"4":0,"5":0,"6":0,"7":0,"8":0,"9":0,"10":0},"b":{},"inputSourceMap":null}
,"D:\\DeployBackEndCEO\\NovoBackEnd\\controller\\LectureController.js": {"path":"D:\\DeployBackEndCEO\\NovoBackEnd\\controller\\LectureController.js","statementMap":{"0":{"start":{"line":15,"column":4},"end":{"line":25,"column":5}},"1":{"start":{"line":16,"column":24},"end":{"line":16,"column":43}},"2":{"start":{"line":18,"column":8},"end":{"line":22,"column":10}},"3":{"start":{"line":24,"column":8},"end":{"line":24,"column":17}},"4":{"start":{"line":29,"column":4},"end":{"line":41,"column":5}},"5":{"start":{"line":30,"column":30},"end":{"line":30,"column":40}},"6":{"start":{"line":32,"column":24},"end":{"line":32,"column":55}},"7":{"start":{"line":34,"column":8},"end":{"line":38,"column":10}},"8":{"start":{"line":40,"column":8},"end":{"line":40,"column":17}},"9":{"start":{"line":45,"column":4},"end":{"line":55,"column":5}},"10":{"start":{"line":46,"column":24},"end":{"line":46,"column":48}},"11":{"start":{"line":48,"column":8},"end":{"line":52,"column":10}},"12":{"start":{"line":54,"column":8},"end":{"line":54,"column":17}},"13":{"start":{"line":59,"column":4},"end":{"line":70,"column":5}},"14":{"start":{"line":60,"column":30},"end":{"line":60,"column":40}},"15":{"start":{"line":61,"column":32},"end":{"line":61,"column":40}},"16":{"start":{"line":63,"column":23},"end":{"line":63,"column":77}},"17":{"start":{"line":65,"column":8},"end":{"line":67,"column":10}},"18":{"start":{"line":69,"column":8},"end":{"line":69,"column":17}},"19":{"start":{"line":74,"column":4},"end":{"line":85,"column":5}},"20":{"start":{"line":75,"column":30},"end":{"line":75,"column":40}},"21":{"start":{"line":76,"column":32},"end":{"line":76,"column":40}},"22":{"start":{"line":78,"column":23},"end":{"line":78,"column":77}},"23":{"start":{"line":80,"column":8},"end":{"line":82,"column":10}},"24":{"start":{"line":84,"column":8},"end":{"line":84,"column":17}},"25":{"start":{"line":89,"column":4},"end":{"line":100,"column":5}},"26":{"start":{"line":90,"column":30},"end":{"line":90,"column":40}},"27":{"start":{"line":91,"column":32},"end":{"line":91,"column":40}},"28":{"start":{"line":93,"column":23},"end":{"line":93,"column":77}},"29":{"start":{"line":95,"column":8},"end":{"line":97,"column":10}},"30":{"start":{"line":99,"column":8},"end":{"line":99,"column":17}},"31":{"start":{"line":104,"column":4},"end":{"line":115,"column":5}},"32":{"start":{"line":105,"column":30},"end":{"line":105,"column":40}},"33":{"start":{"line":106,"column":32},"end":{"line":106,"column":40}},"34":{"start":{"line":108,"column":23},"end":{"line":108,"column":84}},"35":{"start":{"line":110,"column":8},"end":{"line":112,"column":10}},"36":{"start":{"line":114,"column":8},"end":{"line":114,"column":17}},"37":{"start":{"line":119,"column":4},"end":{"line":130,"column":5}},"38":{"start":{"line":120,"column":30},"end":{"line":120,"column":40}},"39":{"start":{"line":121,"column":29},"end":{"line":121,"column":37}},"40":{"start":{"line":123,"column":23},"end":{"line":123,"column":77}},"41":{"start":{"line":125,"column":8},"end":{"line":127,"column":10}},"42":{"start":{"line":129,"column":8},"end":{"line":129,"column":17}},"43":{"start":{"line":134,"column":4},"end":{"line":145,"column":5}},"44":{"start":{"line":135,"column":30},"end":{"line":135,"column":40}},"45":{"start":{"line":136,"column":30},"end":{"line":136,"column":38}},"46":{"start":{"line":138,"column":23},"end":{"line":138,"column":79}},"47":{"start":{"line":140,"column":8},"end":{"line":142,"column":10}},"48":{"start":{"line":144,"column":8},"end":{"line":144,"column":17}},"49":{"start":{"line":149,"column":4},"end":{"line":159,"column":5}},"50":{"start":{"line":150,"column":30},"end":{"line":150,"column":40}},"51":{"start":{"line":152,"column":23},"end":{"line":152,"column":60}},"52":{"start":{"line":154,"column":8},"end":{"line":156,"column":10}},"53":{"start":{"line":158,"column":8},"end":{"line":158,"column":17}}},"fnMap":{"0":{"name":"findAllController","decl":{"start":{"line":14,"column":22},"end":{"line":14,"column":39}},"loc":{"start":{"line":14,"column":56},"end":{"line":26,"column":1}},"line":14},"1":{"name":"findByIdController","decl":{"start":{"line":28,"column":22},"end":{"line":28,"column":40}},"loc":{"start":{"line":28,"column":57},"end":{"line":42,"column":1}},"line":28},"2":{"name":"registerController","decl":{"start":{"line":44,"column":22},"end":{"line":44,"column":40}},"loc":{"start":{"line":44,"column":57},"end":{"line":56,"column":1}},"line":44},"3":{"name":"updateNameController","decl":{"start":{"line":58,"column":22},"end":{"line":58,"column":42}},"loc":{"start":{"line":58,"column":59},"end":{"line":71,"column":1}},"line":58},"4":{"name":"updateDateController","decl":{"start":{"line":73,"column":22},"end":{"line":73,"column":42}},"loc":{"start":{"line":73,"column":59},"end":{"line":86,"column":1}},"line":73},"5":{"name":"updateTimeController","decl":{"start":{"line":88,"column":22},"end":{"line":88,"column":42}},"loc":{"start":{"line":88,"column":59},"end":{"line":101,"column":1}},"line":88},"6":{"name":"updateDescriptionController","decl":{"start":{"line":103,"column":22},"end":{"line":103,"column":49}},"loc":{"start":{"line":103,"column":66},"end":{"line":116,"column":1}},"line":103},"7":{"name":"updateLinkUrlController","decl":{"start":{"line":118,"column":22},"end":{"line":118,"column":45}},"loc":{"start":{"line":118,"column":62},"end":{"line":131,"column":1}},"line":118},"8":{"name":"updateVideoUrlController","decl":{"start":{"line":133,"column":22},"end":{"line":133,"column":46}},"loc":{"start":{"line":133,"column":63},"end":{"line":146,"column":1}},"line":133},"9":{"name":"deleteController","decl":{"start":{"line":148,"column":22},"end":{"line":148,"column":38}},"loc":{"start":{"line":148,"column":55},"end":{"line":160,"column":1}},"line":148}},"branchMap":{},"s":{"0":0,"1":0,"2":0,"3":0,"4":0,"5":0,"6":0,"7":0,"8":0,"9":0,"10":0,"11":0,"12":0,"13":0,"14":0,"15":0,"16":0,"17":0,"18":0,"19":0,"20":0,"21":0,"22":0,"23":0,"24":0,"25":0,"26":0,"27":0,"28":0,"29":0,"30":0,"31":0,"32":0,"33":0,"34":0,"35":0,"36":0,"37":0,"38":0,"39":0,"40":0,"41":0,"42":0,"43":0,"44":0,"45":0,"46":0,"47":0,"48":0,"49":0,"50":0,"51":0,"52":0,"53":0},"f":{"0":0,"1":0,"2":0,"3":0,"4":0,"5":0,"6":0,"7":0,"8":0,"9":0},"b":{},"inputSourceMap":null}
,"D:\\DeployBackEndCEO\\NovoBackEnd\\controller\\LibraryController.js": {"path":"D:\\DeployBackEndCEO\\NovoBackEnd\\controller\\LibraryController.js","statementMap":{"0":{"start":{"line":5,"column":4},"end":{"line":17,"column":5}},"1":{"start":{"line":6,"column":28},"end":{"line":6,"column":38}},"2":{"start":{"line":7,"column":27},"end":{"line":7,"column":66}},"3":{"start":{"line":9,"column":8},"end":{"line":9,"column":68}},"4":{"start":{"line":9,"column":24},"end":{"line":9,"column":68}},"5":{"start":{"line":11,"column":8},"end":{"line":13,"column":10}},"6":{"start":{"line":16,"column":8},"end":{"line":16,"column":19}},"7":{"start":{"line":21,"column":4},"end":{"line":33,"column":5}},"8":{"start":{"line":22,"column":21},"end":{"line":22,"column":48}},"9":{"start":{"line":23,"column":22},"end":{"line":23,"column":51}},"10":{"start":{"line":25,"column":27},"end":{"line":25,"column":65}},"11":{"start":{"line":27,"column":8},"end":{"line":27,"column":83}},"12":{"start":{"line":27,"column":24},"end":{"line":27,"column":83}},"13":{"start":{"line":28,"column":8},"end":{"line":30,"column":10}},"14":{"start":{"line":32,"column":8},"end":{"line":32,"column":19}},"15":{"start":{"line":37,"column":4},"end":{"line":59,"column":5}},"16":{"start":{"line":38,"column":129},"end":{"line":38,"column":137}},"17":{"start":{"line":39,"column":21},"end":{"line":49,"column":9}},"18":{"start":{"line":51,"column":29},"end":{"line":51,"column":58}},"19":{"start":{"line":53,"column":8},"end":{"line":55,"column":10}},"20":{"start":{"line":58,"column":8},"end":{"line":58,"column":19}},"21":{"start":{"line":63,"column":2},"end":{"line":72,"column":3}},"22":{"start":{"line":64,"column":26},"end":{"line":64,"column":36}},"23":{"start":{"line":65,"column":25},"end":{"line":65,"column":33}},"24":{"start":{"line":67,"column":19},"end":{"line":67,"column":67}},"25":{"start":{"line":69,"column":4},"end":{"line":69,"column":40}},"26":{"start":{"line":71,"column":4},"end":{"line":71,"column":16}},"27":{"start":{"line":77,"column":2},"end":{"line":86,"column":3}},"28":{"start":{"line":78,"column":26},"end":{"line":78,"column":36}},"29":{"start":{"line":79,"column":27},"end":{"line":79,"column":35}},"30":{"start":{"line":81,"column":19},"end":{"line":81,"column":71}},"31":{"start":{"line":83,"column":4},"end":{"line":83,"column":40}},"32":{"start":{"line":85,"column":4},"end":{"line":85,"column":16}},"33":{"start":{"line":91,"column":2},"end":{"line":100,"column":3}},"34":{"start":{"line":92,"column":26},"end":{"line":92,"column":36}},"35":{"start":{"line":93,"column":22},"end":{"line":93,"column":30}},"36":{"start":{"line":95,"column":19},"end":{"line":95,"column":65}},"37":{"start":{"line":97,"column":4},"end":{"line":97,"column":40}},"38":{"start":{"line":99,"column":4},"end":{"line":99,"column":16}},"39":{"start":{"line":105,"column":2},"end":{"line":114,"column":3}},"40":{"start":{"line":106,"column":26},"end":{"line":106,"column":36}},"41":{"start":{"line":107,"column":29},"end":{"line":107,"column":37}},"42":{"start":{"line":109,"column":19},"end":{"line":109,"column":71}},"43":{"start":{"line":111,"column":4},"end":{"line":111,"column":40}},"44":{"start":{"line":113,"column":4},"end":{"line":113,"column":16}},"45":{"start":{"line":118,"column":2},"end":{"line":127,"column":3}},"46":{"start":{"line":119,"column":26},"end":{"line":119,"column":36}},"47":{"start":{"line":120,"column":30},"end":{"line":120,"column":38}},"48":{"start":{"line":122,"column":19},"end":{"line":122,"column":77}},"49":{"start":{"line":124,"column":4},"end":{"line":124,"column":40}},"50":{"start":{"line":126,"column":4},"end":{"line":126,"column":16}},"51":{"start":{"line":131,"column":2},"end":{"line":140,"column":3}},"52":{"start":{"line":132,"column":26},"end":{"line":132,"column":36}},"53":{"start":{"line":133,"column":25},"end":{"line":133,"column":33}},"54":{"start":{"line":135,"column":19},"end":{"line":135,"column":66}},"55":{"start":{"line":137,"column":4},"end":{"line":137,"column":40}},"56":{"start":{"line":139,"column":4},"end":{"line":139,"column":16}},"57":{"start":{"line":144,"column":2},"end":{"line":153,"column":3}},"58":{"start":{"line":145,"column":26},"end":{"line":145,"column":36}},"59":{"start":{"line":146,"column":29},"end":{"line":146,"column":37}},"60":{"start":{"line":148,"column":19},"end":{"line":148,"column":75}},"61":{"start":{"line":150,"column":4},"end":{"line":150,"column":40}},"62":{"start":{"line":152,"column":4},"end":{"line":152,"column":16}},"63":{"start":{"line":158,"column":2},"end":{"line":167,"column":3}},"64":{"start":{"line":159,"column":26},"end":{"line":159,"column":36}},"65":{"start":{"line":160,"column":29},"end":{"line":160,"column":37}},"66":{"start":{"line":162,"column":19},"end":{"line":162,"column":75}},"67":{"start":{"line":164,"column":4},"end":{"line":164,"column":40}},"68":{"start":{"line":166,"column":4},"end":{"line":166,"column":16}},"69":{"start":{"line":171,"column":2},"end":{"line":183,"column":3}},"70":{"start":{"line":172,"column":26},"end":{"line":172,"column":36}},"71":{"start":{"line":173,"column":33},"end":{"line":173,"column":41}},"72":{"start":{"line":175,"column":19},"end":{"line":178,"column":5}},"73":{"start":{"line":180,"column":4},"end":{"line":180,"column":40}},"74":{"start":{"line":182,"column":4},"end":{"line":182,"column":16}}},"fnMap":{"0":{"name":"getBookByIdController","decl":{"start":{"line":4,"column":22},"end":{"line":4,"column":43}},"loc":{"start":{"line":4,"column":60},"end":{"line":18,"column":1}},"line":4},"1":{"name":"findAllBookController","decl":{"start":{"line":20,"column":22},"end":{"line":20,"column":43}},"loc":{"start":{"line":20,"column":60},"end":{"line":34,"column":1}},"line":20},"2":{"name":"createBookController","decl":{"start":{"line":36,"column":22},"end":{"line":36,"column":42}},"loc":{"start":{"line":36,"column":59},"end":{"line":60,"column":1}},"line":36},"3":{"name":"updateBookByNameController","decl":{"start":{"line":62,"column":22},"end":{"line":62,"column":48}},"loc":{"start":{"line":62,"column":65},"end":{"line":73,"column":1}},"line":62},"4":{"name":"updateBookAuthorController","decl":{"start":{"line":76,"column":22},"end":{"line":76,"column":48}},"loc":{"start":{"line":76,"column":65},"end":{"line":87,"column":1}},"line":76},"5":{"name":"updateBookImageController","decl":{"start":{"line":90,"column":22},"end":{"line":90,"column":47}},"loc":{"start":{"line":90,"column":64},"end":{"line":101,"column":1}},"line":90},"6":{"name":"updateBookOverviewController","decl":{"start":{"line":104,"column":22},"end":{"line":104,"column":50}},"loc":{"start":{"line":104,"column":67},"end":{"line":115,"column":1}},"line":104},"7":{"name":"updateBookCuriosityController","decl":{"start":{"line":117,"column":22},"end":{"line":117,"column":51}},"loc":{"start":{"line":117,"column":68},"end":{"line":128,"column":1}},"line":117},"8":{"name":"updateBookTagController","decl":{"start":{"line":130,"column":22},"end":{"line":130,"column":45}},"loc":{"start":{"line":130,"column":62},"end":{"line":141,"column":1}},"line":130},"9":{"name":"updateBookCategoryController","decl":{"start":{"line":143,"column":22},"end":{"line":143,"column":50}},"loc":{"start":{"line":143,"column":67},"end":{"line":154,"column":1}},"line":143},"10":{"name":"updateBookQuantityController","decl":{"start":{"line":157,"column":22},"end":{"line":157,"column":50}},"loc":{"start":{"line":157,"column":67},"end":{"line":168,"column":1}},"line":157},"11":{"name":"updateBookStatusAvailableController","decl":{"start":{"line":170,"column":22},"end":{"line":170,"column":57}},"loc":{"start":{"line":170,"column":74},"end":{"line":184,"column":1}},"line":170}},"branchMap":{"0":{"loc":{"start":{"line":9,"column":8},"end":{"line":9,"column":68}},"type":"if","locations":[{"start":{"line":9,"column":8},"end":{"line":9,"column":68}},{"start":{},"end":{}}],"line":9},"1":{"loc":{"start":{"line":22,"column":21},"end":{"line":22,"column":48}},"type":"binary-expr","locations":[{"start":{"line":22,"column":21},"end":{"line":22,"column":43}},{"start":{"line":22,"column":47},"end":{"line":22,"column":48}}],"line":22},"2":{"loc":{"start":{"line":23,"column":22},"end":{"line":23,"column":51}},"type":"binary-expr","locations":[{"start":{"line":23,"column":22},"end":{"line":23,"column":45}},{"start":{"line":23,"column":49},"end":{"line":23,"column":51}}],"line":23},"3":{"loc":{"start":{"line":27,"column":8},"end":{"line":27,"column":83}},"type":"if","locations":[{"start":{"line":27,"column":8},"end":{"line":27,"column":83}},{"start":{},"end":{}}],"line":27}},"s":{"0":0,"1":0,"2":0,"3":0,"4":0,"5":0,"6":0,"7":0,"8":0,"9":0,"10":0,"11":0,"12":0,"13":0,"14":0,"15":0,"16":0,"17":0,"18":0,"19":0,"20":0,"21":0,"22":0,"23":0,"24":0,"25":0,"26":0,"27":0,"28":0,"29":0,"30":0,"31":0,"32":0,"33":0,"34":0,"35":0,"36":0,"37":0,"38":0,"39":0,"40":0,"41":0,"42":0,"43":0,"44":0,"45":0,"46":0,"47":0,"48":0,"49":0,"50":0,"51":0,"52":0,"53":0,"54":0,"55":0,"56":0,"57":0,"58":0,"59":0,"60":0,"61":0,"62":0,"63":0,"64":0,"65":0,"66":0,"67":0,"68":0,"69":0,"70":0,"71":0,"72":0,"73":0,"74":0},"f":{"0":0,"1":0,"2":0,"3":0,"4":0,"5":0,"6":0,"7":0,"8":0,"9":0,"10":0,"11":0},"b":{"0":[0,0],"1":[0,0],"2":[0,0],"3":[0,0]},"inputSourceMap":null}
,"D:\\DeployBackEndCEO\\NovoBackEnd\\controller\\LoanController.js": {"path":"D:\\DeployBackEndCEO\\NovoBackEnd\\controller\\LoanController.js","statementMap":{"0":{"start":{"line":10,"column":2},"end":{"line":15,"column":3}},"1":{"start":{"line":11,"column":19},"end":{"line":11,"column":45}},"2":{"start":{"line":12,"column":4},"end":{"line":12,"column":40}},"3":{"start":{"line":14,"column":4},"end":{"line":14,"column":16}},"4":{"start":{"line":19,"column":2},"end":{"line":25,"column":3}},"5":{"start":{"line":20,"column":19},"end":{"line":20,"column":30}},"6":{"start":{"line":21,"column":19},"end":{"line":21,"column":54}},"7":{"start":{"line":22,"column":4},"end":{"line":22,"column":40}},"8":{"start":{"line":24,"column":4},"end":{"line":24,"column":16}},"9":{"start":{"line":29,"column":2},"end":{"line":35,"column":3}},"10":{"start":{"line":30,"column":24},"end":{"line":30,"column":35}},"11":{"start":{"line":31,"column":19},"end":{"line":31,"column":66}},"12":{"start":{"line":32,"column":4},"end":{"line":32,"column":40}},"13":{"start":{"line":34,"column":4},"end":{"line":34,"column":16}},"14":{"start":{"line":39,"column":2},"end":{"line":48,"column":3}},"15":{"start":{"line":40,"column":24},"end":{"line":40,"column":34}},"16":{"start":{"line":41,"column":24},"end":{"line":41,"column":35}},"17":{"start":{"line":42,"column":27},"end":{"line":42,"column":35}},"18":{"start":{"line":44,"column":19},"end":{"line":44,"column":85}},"19":{"start":{"line":45,"column":4},"end":{"line":45,"column":40}},"20":{"start":{"line":47,"column":4},"end":{"line":47,"column":16}},"21":{"start":{"line":52,"column":2},"end":{"line":60,"column":3}},"22":{"start":{"line":53,"column":24},"end":{"line":53,"column":34}},"23":{"start":{"line":54,"column":24},"end":{"line":54,"column":35}},"24":{"start":{"line":56,"column":19},"end":{"line":56,"column":64}},"25":{"start":{"line":57,"column":4},"end":{"line":57,"column":40}},"26":{"start":{"line":59,"column":4},"end":{"line":59,"column":16}}},"fnMap":{"0":{"name":"getAllLoansController","decl":{"start":{"line":9,"column":22},"end":{"line":9,"column":43}},"loc":{"start":{"line":9,"column":60},"end":{"line":16,"column":1}},"line":9},"1":{"name":"viewLoansByUserController","decl":{"start":{"line":18,"column":22},"end":{"line":18,"column":47}},"loc":{"start":{"line":18,"column":64},"end":{"line":26,"column":1}},"line":18},"2":{"name":"processLoanController","decl":{"start":{"line":28,"column":22},"end":{"line":28,"column":43}},"loc":{"start":{"line":28,"column":60},"end":{"line":36,"column":1}},"line":28},"3":{"name":"updateReturnDateController","decl":{"start":{"line":38,"column":22},"end":{"line":38,"column":48}},"loc":{"start":{"line":38,"column":65},"end":{"line":49,"column":1}},"line":38},"4":{"name":"deleteLoanController","decl":{"start":{"line":51,"column":22},"end":{"line":51,"column":42}},"loc":{"start":{"line":51,"column":59},"end":{"line":61,"column":1}},"line":51}},"branchMap":{},"s":{"0":0,"1":0,"2":0,"3":0,"4":0,"5":0,"6":0,"7":0,"8":0,"9":0,"10":0,"11":0,"12":0,"13":0,"14":0,"15":0,"16":0,"17":0,"18":0,"19":0,"20":0,"21":0,"22":0,"23":0,"24":0,"25":0,"26":0},"f":{"0":0,"1":0,"2":0,"3":0,"4":0},"b":{},"inputSourceMap":null}
,"D:\\DeployBackEndCEO\\NovoBackEnd\\controller\\NotificationController.js": {"path":"D:\\DeployBackEndCEO\\NovoBackEnd\\controller\\NotificationController.js","statementMap":{"0":{"start":{"line":12,"column":2},"end":{"line":18,"column":3}},"1":{"start":{"line":13,"column":24},"end":{"line":13,"column":35}},"2":{"start":{"line":14,"column":19},"end":{"line":14,"column":65}},"3":{"start":{"line":15,"column":4},"end":{"line":15,"column":40}},"4":{"start":{"line":17,"column":4},"end":{"line":17,"column":16}},"5":{"start":{"line":22,"column":2},"end":{"line":28,"column":3}},"6":{"start":{"line":23,"column":24},"end":{"line":23,"column":35}},"7":{"start":{"line":24,"column":19},"end":{"line":24,"column":58}},"8":{"start":{"line":25,"column":4},"end":{"line":25,"column":40}},"9":{"start":{"line":27,"column":4},"end":{"line":27,"column":16}},"10":{"start":{"line":32,"column":2},"end":{"line":37,"column":3}},"11":{"start":{"line":33,"column":19},"end":{"line":33,"column":54}},"12":{"start":{"line":34,"column":4},"end":{"line":34,"column":40}},"13":{"start":{"line":36,"column":4},"end":{"line":36,"column":16}},"14":{"start":{"line":41,"column":2},"end":{"line":47,"column":3}},"15":{"start":{"line":42,"column":24},"end":{"line":42,"column":59}},"16":{"start":{"line":43,"column":19},"end":{"line":43,"column":80}},"17":{"start":{"line":44,"column":4},"end":{"line":44,"column":40}},"18":{"start":{"line":46,"column":4},"end":{"line":46,"column":16}},"19":{"start":{"line":51,"column":2},"end":{"line":58,"column":3}},"20":{"start":{"line":52,"column":31},"end":{"line":52,"column":41}},"21":{"start":{"line":53,"column":24},"end":{"line":53,"column":35}},"22":{"start":{"line":54,"column":19},"end":{"line":54,"column":91}},"23":{"start":{"line":55,"column":4},"end":{"line":55,"column":40}},"24":{"start":{"line":57,"column":4},"end":{"line":57,"column":16}},"25":{"start":{"line":62,"column":2},"end":{"line":70,"column":3}},"26":{"start":{"line":63,"column":32},"end":{"line":63,"column":42}},"27":{"start":{"line":64,"column":24},"end":{"line":64,"column":35}},"28":{"start":{"line":65,"column":24},"end":{"line":65,"column":32}},"29":{"start":{"line":66,"column":19},"end":{"line":66,"column":96}},"30":{"start":{"line":67,"column":4},"end":{"line":67,"column":40}},"31":{"start":{"line":69,"column":4},"end":{"line":69,"column":16}},"32":{"start":{"line":74,"column":2},"end":{"line":81,"column":3}},"33":{"start":{"line":75,"column":32},"end":{"line":75,"column":42}},"34":{"start":{"line":76,"column":24},"end":{"line":76,"column":35}},"35":{"start":{"line":77,"column":19},"end":{"line":77,"column":80}},"36":{"start":{"line":78,"column":4},"end":{"line":78,"column":40}},"37":{"start":{"line":80,"column":4},"end":{"line":80,"column":16}}},"fnMap":{"0":{"name":"getUserNotificationsController","decl":{"start":{"line":11,"column":22},"end":{"line":11,"column":52}},"loc":{"start":{"line":11,"column":69},"end":{"line":19,"column":1}},"line":11},"1":{"name":"markAllAsReadController","decl":{"start":{"line":21,"column":22},"end":{"line":21,"column":45}},"loc":{"start":{"line":21,"column":62},"end":{"line":29,"column":1}},"line":21},"2":{"name":"viewAllNotificationsController","decl":{"start":{"line":31,"column":22},"end":{"line":31,"column":52}},"loc":{"start":{"line":31,"column":69},"end":{"line":38,"column":1}},"line":31},"3":{"name":"createNotificationController","decl":{"start":{"line":40,"column":22},"end":{"line":40,"column":50}},"loc":{"start":{"line":40,"column":67},"end":{"line":48,"column":1}},"line":40},"4":{"name":"updateNotificationStatusController","decl":{"start":{"line":50,"column":22},"end":{"line":50,"column":56}},"loc":{"start":{"line":50,"column":73},"end":{"line":59,"column":1}},"line":50},"5":{"name":"updateNotificationMessageController","decl":{"start":{"line":61,"column":22},"end":{"line":61,"column":57}},"loc":{"start":{"line":61,"column":74},"end":{"line":71,"column":1}},"line":61},"6":{"name":"deleteNotificationController","decl":{"start":{"line":73,"column":22},"end":{"line":73,"column":50}},"loc":{"start":{"line":73,"column":67},"end":{"line":82,"column":1}},"line":73}},"branchMap":{"0":{"loc":{"start":{"line":42,"column":24},"end":{"line":42,"column":59}},"type":"binary-expr","locations":[{"start":{"line":42,"column":24},"end":{"line":42,"column":44}},{"start":{"line":42,"column":48},"end":{"line":42,"column":59}}],"line":42}},"s":{"0":0,"1":0,"2":0,"3":0,"4":0,"5":0,"6":0,"7":0,"8":0,"9":0,"10":0,"11":0,"12":0,"13":0,"14":0,"15":0,"16":0,"17":0,"18":0,"19":0,"20":0,"21":0,"22":0,"23":0,"24":0,"25":0,"26":0,"27":0,"28":0,"29":0,"30":0,"31":0,"32":0,"33":0,"34":0,"35":0,"36":0,"37":0},"f":{"0":0,"1":0,"2":0,"3":0,"4":0,"5":0,"6":0},"b":{"0":[0,0]},"inputSourceMap":null}
,"D:\\DeployBackEndCEO\\NovoBackEnd\\controller\\PostController.js": {"path":"D:\\DeployBackEndCEO\\NovoBackEnd\\controller\\PostController.js","statementMap":{"0":{"start":{"line":11,"column":2},"end":{"line":16,"column":3}},"1":{"start":{"line":12,"column":19},"end":{"line":12,"column":45}},"2":{"start":{"line":13,"column":4},"end":{"line":13,"column":40}},"3":{"start":{"line":15,"column":4},"end":{"line":15,"column":16}},"4":{"start":{"line":20,"column":2},"end":{"line":31,"column":3}},"5":{"start":{"line":21,"column":24},"end":{"line":21,"column":35}},"6":{"start":{"line":22,"column":18},"end":{"line":22,"column":53}},"7":{"start":{"line":23,"column":19},"end":{"line":27,"column":6}},"8":{"start":{"line":28,"column":4},"end":{"line":28,"column":40}},"9":{"start":{"line":30,"column":4},"end":{"line":30,"column":16}},"10":{"start":{"line":35,"column":2},"end":{"line":41,"column":3}},"11":{"start":{"line":36,"column":23},"end":{"line":36,"column":33}},"12":{"start":{"line":37,"column":19},"end":{"line":37,"column":51}},"13":{"start":{"line":38,"column":4},"end":{"line":38,"column":40}},"14":{"start":{"line":40,"column":4},"end":{"line":40,"column":16}},"15":{"start":{"line":45,"column":2},"end":{"line":52,"column":3}},"16":{"start":{"line":46,"column":23},"end":{"line":46,"column":33}},"17":{"start":{"line":47,"column":19},"end":{"line":47,"column":30}},"18":{"start":{"line":48,"column":19},"end":{"line":48,"column":58}},"19":{"start":{"line":49,"column":4},"end":{"line":49,"column":40}},"20":{"start":{"line":51,"column":4},"end":{"line":51,"column":16}},"21":{"start":{"line":56,"column":2},"end":{"line":70,"column":3}},"22":{"start":{"line":57,"column":23},"end":{"line":57,"column":33}},"23":{"start":{"line":58,"column":24},"end":{"line":58,"column":35}},"24":{"start":{"line":59,"column":24},"end":{"line":59,"column":32}},"25":{"start":{"line":60,"column":18},"end":{"line":60,"column":53}},"26":{"start":{"line":62,"column":25},"end":{"line":62,"column":27}},"27":{"start":{"line":63,"column":4},"end":{"line":63,"column":48}},"28":{"start":{"line":63,"column":17},"end":{"line":63,"column":48}},"29":{"start":{"line":64,"column":4},"end":{"line":64,"column":42}},"30":{"start":{"line":64,"column":15},"end":{"line":64,"column":42}},"31":{"start":{"line":66,"column":19},"end":{"line":66,"column":82}},"32":{"start":{"line":67,"column":4},"end":{"line":67,"column":40}},"33":{"start":{"line":69,"column":4},"end":{"line":69,"column":16}},"34":{"start":{"line":74,"column":2},"end":{"line":81,"column":3}},"35":{"start":{"line":75,"column":23},"end":{"line":75,"column":33}},"36":{"start":{"line":76,"column":24},"end":{"line":76,"column":35}},"37":{"start":{"line":77,"column":19},"end":{"line":77,"column":63}},"38":{"start":{"line":78,"column":4},"end":{"line":78,"column":40}},"39":{"start":{"line":80,"column":4},"end":{"line":80,"column":16}}},"fnMap":{"0":{"name":"getAllPostsController","decl":{"start":{"line":10,"column":22},"end":{"line":10,"column":43}},"loc":{"start":{"line":10,"column":60},"end":{"line":17,"column":1}},"line":10},"1":{"name":"createPostController","decl":{"start":{"line":19,"column":22},"end":{"line":19,"column":42}},"loc":{"start":{"line":19,"column":59},"end":{"line":32,"column":1}},"line":19},"2":{"name":"getPostByIdController","decl":{"start":{"line":34,"column":22},"end":{"line":34,"column":43}},"loc":{"start":{"line":34,"column":60},"end":{"line":42,"column":1}},"line":34},"3":{"name":"toggleLikeController","decl":{"start":{"line":44,"column":22},"end":{"line":44,"column":42}},"loc":{"start":{"line":44,"column":59},"end":{"line":53,"column":1}},"line":44},"4":{"name":"updatePostController","decl":{"start":{"line":55,"column":22},"end":{"line":55,"column":42}},"loc":{"start":{"line":55,"column":59},"end":{"line":71,"column":1}},"line":55},"5":{"name":"deletePostController","decl":{"start":{"line":73,"column":22},"end":{"line":73,"column":42}},"loc":{"start":{"line":73,"column":59},"end":{"line":82,"column":1}},"line":73}},"branchMap":{"0":{"loc":{"start":{"line":22,"column":18},"end":{"line":22,"column":53}},"type":"cond-expr","locations":[{"start":{"line":22,"column":29},"end":{"line":22,"column":46}},{"start":{"line":22,"column":49},"end":{"line":22,"column":53}}],"line":22},"1":{"loc":{"start":{"line":60,"column":18},"end":{"line":60,"column":53}},"type":"cond-expr","locations":[{"start":{"line":60,"column":29},"end":{"line":60,"column":46}},{"start":{"line":60,"column":49},"end":{"line":60,"column":53}}],"line":60},"2":{"loc":{"start":{"line":63,"column":4},"end":{"line":63,"column":48}},"type":"if","locations":[{"start":{"line":63,"column":4},"end":{"line":63,"column":48}},{"start":{},"end":{}}],"line":63},"3":{"loc":{"start":{"line":64,"column":4},"end":{"line":64,"column":42}},"type":"if","locations":[{"start":{"line":64,"column":4},"end":{"line":64,"column":42}},{"start":{},"end":{}}],"line":64}},"s":{"0":0,"1":0,"2":0,"3":0,"4":0,"5":0,"6":0,"7":0,"8":0,"9":0,"10":0,"11":0,"12":0,"13":0,"14":0,"15":0,"16":0,"17":0,"18":0,"19":0,"20":0,"21":0,"22":0,"23":0,"24":0,"25":0,"26":0,"27":0,"28":0,"29":0,"30":0,"31":0,"32":0,"33":0,"34":0,"35":0,"36":0,"37":0,"38":0,"39":0},"f":{"0":0,"1":0,"2":0,"3":0,"4":0,"5":0},"b":{"0":[0,0],"1":[0,0],"2":[0,0],"3":[0,0]},"inputSourceMap":null}
,"D:\\DeployBackEndCEO\\NovoBackEnd\\controller\\ReserveController.js": {"path":"D:\\DeployBackEndCEO\\NovoBackEnd\\controller\\ReserveController.js","statementMap":{"0":{"start":{"line":9,"column":2},"end":{"line":14,"column":3}},"1":{"start":{"line":10,"column":19},"end":{"line":10,"column":48}},"2":{"start":{"line":11,"column":4},"end":{"line":11,"column":40}},"3":{"start":{"line":13,"column":4},"end":{"line":13,"column":16}},"4":{"start":{"line":18,"column":2},"end":{"line":27,"column":3}},"5":{"start":{"line":19,"column":25},"end":{"line":19,"column":36}},"6":{"start":{"line":20,"column":21},"end":{"line":20,"column":34}},"7":{"start":{"line":21,"column":23},"end":{"line":21,"column":33}},"8":{"start":{"line":23,"column":19},"end":{"line":23,"column":81}},"9":{"start":{"line":24,"column":4},"end":{"line":24,"column":40}},"10":{"start":{"line":26,"column":4},"end":{"line":26,"column":16}},"11":{"start":{"line":31,"column":2},"end":{"line":37,"column":3}},"12":{"start":{"line":32,"column":24},"end":{"line":32,"column":35}},"13":{"start":{"line":33,"column":19},"end":{"line":33,"column":73}},"14":{"start":{"line":34,"column":4},"end":{"line":34,"column":40}},"15":{"start":{"line":36,"column":4},"end":{"line":36,"column":16}},"16":{"start":{"line":41,"column":2},"end":{"line":52,"column":3}},"17":{"start":{"line":42,"column":26},"end":{"line":42,"column":36}},"18":{"start":{"line":43,"column":25},"end":{"line":43,"column":36}},"19":{"start":{"line":44,"column":21},"end":{"line":44,"column":34}},"20":{"start":{"line":46,"column":19},"end":{"line":46,"column":51}},"21":{"start":{"line":48,"column":19},"end":{"line":48,"column":88}},"22":{"start":{"line":49,"column":4},"end":{"line":49,"column":40}},"23":{"start":{"line":51,"column":4},"end":{"line":51,"column":16}}},"fnMap":{"0":{"name":"getAllReservesController","decl":{"start":{"line":8,"column":22},"end":{"line":8,"column":46}},"loc":{"start":{"line":8,"column":63},"end":{"line":15,"column":1}},"line":8},"1":{"name":"getReservesByUserController","decl":{"start":{"line":17,"column":22},"end":{"line":17,"column":49}},"loc":{"start":{"line":17,"column":66},"end":{"line":28,"column":1}},"line":17},"2":{"name":"processReservationController","decl":{"start":{"line":30,"column":22},"end":{"line":30,"column":50}},"loc":{"start":{"line":30,"column":67},"end":{"line":38,"column":1}},"line":30},"3":{"name":"deleteReserveController","decl":{"start":{"line":40,"column":22},"end":{"line":40,"column":45}},"loc":{"start":{"line":40,"column":62},"end":{"line":53,"column":1}},"line":40}},"branchMap":{"0":{"loc":{"start":{"line":46,"column":19},"end":{"line":46,"column":51}},"type":"binary-expr","locations":[{"start":{"line":46,"column":19},"end":{"line":46,"column":35}},{"start":{"line":46,"column":39},"end":{"line":46,"column":51}}],"line":46}},"s":{"0":0,"1":0,"2":0,"3":0,"4":0,"5":0,"6":0,"7":0,"8":0,"9":0,"10":0,"11":0,"12":0,"13":0,"14":0,"15":0,"16":0,"17":0,"18":0,"19":0,"20":0,"21":0,"22":0,"23":0},"f":{"0":0,"1":0,"2":0,"3":0},"b":{"0":[0,0]},"inputSourceMap":null}
,"D:\\DeployBackEndCEO\\NovoBackEnd\\controller\\ReviewSocietyController.js": {"path":"D:\\DeployBackEndCEO\\NovoBackEnd\\controller\\ReviewSocietyController.js","statementMap":{"0":{"start":{"line":9,"column":2},"end":{"line":15,"column":3}},"1":{"start":{"line":10,"column":19},"end":{"line":10,"column":30}},"2":{"start":{"line":11,"column":19},"end":{"line":11,"column":76}},"3":{"start":{"line":12,"column":4},"end":{"line":12,"column":40}},"4":{"start":{"line":14,"column":4},"end":{"line":14,"column":16}},"5":{"start":{"line":19,"column":2},"end":{"line":25,"column":3}},"6":{"start":{"line":20,"column":26},"end":{"line":20,"column":35}},"7":{"start":{"line":21,"column":19},"end":{"line":21,"column":62}},"8":{"start":{"line":22,"column":4},"end":{"line":22,"column":40}},"9":{"start":{"line":24,"column":4},"end":{"line":24,"column":16}},"10":{"start":{"line":29,"column":2},"end":{"line":36,"column":3}},"11":{"start":{"line":30,"column":32},"end":{"line":30,"column":42}},"12":{"start":{"line":31,"column":19},"end":{"line":31,"column":30}},"13":{"start":{"line":32,"column":19},"end":{"line":32,"column":86}},"14":{"start":{"line":33,"column":4},"end":{"line":33,"column":40}},"15":{"start":{"line":35,"column":4},"end":{"line":35,"column":16}},"16":{"start":{"line":40,"column":2},"end":{"line":47,"column":3}},"17":{"start":{"line":41,"column":32},"end":{"line":41,"column":42}},"18":{"start":{"line":42,"column":19},"end":{"line":42,"column":30}},"19":{"start":{"line":43,"column":19},"end":{"line":43,"column":76}},"20":{"start":{"line":44,"column":4},"end":{"line":44,"column":40}},"21":{"start":{"line":46,"column":4},"end":{"line":46,"column":16}}},"fnMap":{"0":{"name":"createReviewSocietyController","decl":{"start":{"line":8,"column":22},"end":{"line":8,"column":51}},"loc":{"start":{"line":8,"column":68},"end":{"line":16,"column":1}},"line":8},"1":{"name":"getAllReviewSocietyController","decl":{"start":{"line":18,"column":22},"end":{"line":18,"column":51}},"loc":{"start":{"line":18,"column":68},"end":{"line":26,"column":1}},"line":18},"2":{"name":"updateReviewSocietyController","decl":{"start":{"line":28,"column":22},"end":{"line":28,"column":51}},"loc":{"start":{"line":28,"column":68},"end":{"line":37,"column":1}},"line":28},"3":{"name":"deleteReviewSocietyController","decl":{"start":{"line":39,"column":22},"end":{"line":39,"column":51}},"loc":{"start":{"line":39,"column":68},"end":{"line":48,"column":1}},"line":39}},"branchMap":{},"s":{"0":0,"1":0,"2":0,"3":0,"4":0,"5":0,"6":0,"7":0,"8":0,"9":0,"10":0,"11":0,"12":0,"13":0,"14":0,"15":0,"16":0,"17":0,"18":0,"19":0,"20":0,"21":0},"f":{"0":0,"1":0,"2":0,"3":0},"b":{},"inputSourceMap":null}
,"D:\\DeployBackEndCEO\\NovoBackEnd\\controller\\TopicController.js": {"path":"D:\\DeployBackEndCEO\\NovoBackEnd\\controller\\TopicController.js","statementMap":{"0":{"start":{"line":10,"column":2},"end":{"line":16,"column":3}},"1":{"start":{"line":11,"column":24},"end":{"line":11,"column":34}},"2":{"start":{"line":12,"column":19},"end":{"line":12,"column":58}},"3":{"start":{"line":13,"column":4},"end":{"line":13,"column":40}},"4":{"start":{"line":15,"column":4},"end":{"line":15,"column":16}},"5":{"start":{"line":20,"column":2},"end":{"line":25,"column":3}},"6":{"start":{"line":21,"column":19},"end":{"line":21,"column":46}},"7":{"start":{"line":22,"column":4},"end":{"line":22,"column":40}},"8":{"start":{"line":24,"column":4},"end":{"line":24,"column":16}},"9":{"start":{"line":29,"column":2},"end":{"line":40,"column":3}},"10":{"start":{"line":30,"column":24},"end":{"line":30,"column":35}},"11":{"start":{"line":31,"column":18},"end":{"line":31,"column":53}},"12":{"start":{"line":32,"column":19},"end":{"line":36,"column":6}},"13":{"start":{"line":37,"column":4},"end":{"line":37,"column":40}},"14":{"start":{"line":39,"column":4},"end":{"line":39,"column":16}},"15":{"start":{"line":44,"column":2},"end":{"line":59,"column":3}},"16":{"start":{"line":45,"column":24},"end":{"line":45,"column":34}},"17":{"start":{"line":46,"column":24},"end":{"line":46,"column":35}},"18":{"start":{"line":47,"column":35},"end":{"line":47,"column":43}},"19":{"start":{"line":48,"column":18},"end":{"line":48,"column":53}},"20":{"start":{"line":50,"column":25},"end":{"line":50,"column":27}},"21":{"start":{"line":51,"column":4},"end":{"line":51,"column":42}},"22":{"start":{"line":51,"column":15},"end":{"line":51,"column":42}},"23":{"start":{"line":52,"column":4},"end":{"line":52,"column":60}},"24":{"start":{"line":52,"column":21},"end":{"line":52,"column":60}},"25":{"start":{"line":53,"column":4},"end":{"line":53,"column":42}},"26":{"start":{"line":53,"column":15},"end":{"line":53,"column":42}},"27":{"start":{"line":55,"column":19},"end":{"line":55,"column":84}},"28":{"start":{"line":56,"column":4},"end":{"line":56,"column":40}},"29":{"start":{"line":58,"column":4},"end":{"line":58,"column":16}},"30":{"start":{"line":63,"column":2},"end":{"line":70,"column":3}},"31":{"start":{"line":64,"column":24},"end":{"line":64,"column":34}},"32":{"start":{"line":65,"column":24},"end":{"line":65,"column":35}},"33":{"start":{"line":66,"column":19},"end":{"line":66,"column":65}},"34":{"start":{"line":67,"column":4},"end":{"line":67,"column":40}},"35":{"start":{"line":69,"column":4},"end":{"line":69,"column":16}}},"fnMap":{"0":{"name":"viewOnlyTopicByIdController","decl":{"start":{"line":9,"column":22},"end":{"line":9,"column":49}},"loc":{"start":{"line":9,"column":66},"end":{"line":17,"column":1}},"line":9},"1":{"name":"viewAllTopicController","decl":{"start":{"line":19,"column":22},"end":{"line":19,"column":44}},"loc":{"start":{"line":19,"column":61},"end":{"line":26,"column":1}},"line":19},"2":{"name":"createTopicController","decl":{"start":{"line":28,"column":22},"end":{"line":28,"column":43}},"loc":{"start":{"line":28,"column":60},"end":{"line":41,"column":1}},"line":28},"3":{"name":"updateTopicController","decl":{"start":{"line":43,"column":22},"end":{"line":43,"column":43}},"loc":{"start":{"line":43,"column":60},"end":{"line":60,"column":1}},"line":43},"4":{"name":"deleteTopicController","decl":{"start":{"line":62,"column":22},"end":{"line":62,"column":43}},"loc":{"start":{"line":62,"column":60},"end":{"line":71,"column":1}},"line":62}},"branchMap":{"0":{"loc":{"start":{"line":31,"column":18},"end":{"line":31,"column":53}},"type":"cond-expr","locations":[{"start":{"line":31,"column":29},"end":{"line":31,"column":46}},{"start":{"line":31,"column":49},"end":{"line":31,"column":53}}],"line":31},"1":{"loc":{"start":{"line":48,"column":18},"end":{"line":48,"column":53}},"type":"cond-expr","locations":[{"start":{"line":48,"column":29},"end":{"line":48,"column":46}},{"start":{"line":48,"column":49},"end":{"line":48,"column":53}}],"line":48},"2":{"loc":{"start":{"line":51,"column":4},"end":{"line":51,"column":42}},"type":"if","locations":[{"start":{"line":51,"column":4},"end":{"line":51,"column":42}},{"start":{},"end":{}}],"line":51},"3":{"loc":{"start":{"line":52,"column":4},"end":{"line":52,"column":60}},"type":"if","locations":[{"start":{"line":52,"column":4},"end":{"line":52,"column":60}},{"start":{},"end":{}}],"line":52},"4":{"loc":{"start":{"line":53,"column":4},"end":{"line":53,"column":42}},"type":"if","locations":[{"start":{"line":53,"column":4},"end":{"line":53,"column":42}},{"start":{},"end":{}}],"line":53}},"s":{"0":0,"1":0,"2":0,"3":0,"4":0,"5":0,"6":0,"7":0,"8":0,"9":0,"10":0,"11":0,"12":0,"13":0,"14":0,"15":0,"16":0,"17":0,"18":0,"19":0,"20":0,"21":0,"22":0,"23":0,"24":0,"25":0,"26":0,"27":0,"28":0,"29":0,"30":0,"31":0,"32":0,"33":0,"34":0,"35":0},"f":{"0":0,"1":0,"2":0,"3":0,"4":0},"b":{"0":[0,0],"1":[0,0],"2":[0,0],"3":[0,0],"4":[0,0]},"inputSourceMap":null}
,"D:\\DeployBackEndCEO\\NovoBackEnd\\controller\\UserController.js": {"path":"D:\\DeployBackEndCEO\\NovoBackEnd\\controller\\UserController.js","statementMap":{"0":{"start":{"line":6,"column":2},"end":{"line":19,"column":3}},"1":{"start":{"line":7,"column":21},"end":{"line":7,"column":31}},"2":{"start":{"line":8,"column":21},"end":{"line":8,"column":34}},"3":{"start":{"line":9,"column":25},"end":{"line":9,"column":36}},"4":{"start":{"line":11,"column":27},"end":{"line":11,"column":79}},"5":{"start":{"line":13,"column":4},"end":{"line":15,"column":6}},"6":{"start":{"line":18,"column":4},"end":{"line":18,"column":15}},"7":{"start":{"line":23,"column":2},"end":{"line":31,"column":3}},"8":{"start":{"line":24,"column":18},"end":{"line":24,"column":39}},"9":{"start":{"line":26,"column":4},"end":{"line":28,"column":6}},"10":{"start":{"line":30,"column":4},"end":{"line":30,"column":15}},"11":{"start":{"line":35,"column":2},"end":{"line":58,"column":3}},"12":{"start":{"line":36,"column":22},"end":{"line":36,"column":30}},"13":{"start":{"line":37,"column":19},"end":{"line":37,"column":23}},"14":{"start":{"line":39,"column":4},"end":{"line":41,"column":5}},"15":{"start":{"line":40,"column":6},"end":{"line":40,"column":46}},"16":{"start":{"line":43,"column":17},"end":{"line":46,"column":6}},"17":{"start":{"line":48,"column":4},"end":{"line":52,"column":7}},"18":{"start":{"line":54,"column":4},"end":{"line":57,"column":7}},"19":{"start":{"line":62,"column":2},"end":{"line":73,"column":3}},"20":{"start":{"line":63,"column":19},"end":{"line":63,"column":30}},"21":{"start":{"line":64,"column":25},"end":{"line":64,"column":33}},"22":{"start":{"line":66,"column":28},"end":{"line":66,"column":73}},"23":{"start":{"line":68,"column":4},"end":{"line":70,"column":6}},"24":{"start":{"line":72,"column":4},"end":{"line":72,"column":15}},"25":{"start":{"line":77,"column":2},"end":{"line":88,"column":3}},"26":{"start":{"line":78,"column":19},"end":{"line":78,"column":30}},"27":{"start":{"line":79,"column":22},"end":{"line":79,"column":30}},"28":{"start":{"line":81,"column":28},"end":{"line":81,"column":71}},"29":{"start":{"line":83,"column":4},"end":{"line":85,"column":6}},"30":{"start":{"line":87,"column":4},"end":{"line":87,"column":15}},"31":{"start":{"line":92,"column":2},"end":{"line":103,"column":3}},"32":{"start":{"line":93,"column":19},"end":{"line":93,"column":30}},"33":{"start":{"line":94,"column":64},"end":{"line":94,"column":72}},"34":{"start":{"line":96,"column":28},"end":{"line":96,"column":116}},"35":{"start":{"line":98,"column":4},"end":{"line":100,"column":6}},"36":{"start":{"line":102,"column":4},"end":{"line":102,"column":15}},"37":{"start":{"line":107,"column":2},"end":{"line":118,"column":3}},"38":{"start":{"line":108,"column":19},"end":{"line":108,"column":30}},"39":{"start":{"line":109,"column":35},"end":{"line":109,"column":43}},"40":{"start":{"line":111,"column":28},"end":{"line":111,"column":93}},"41":{"start":{"line":113,"column":4},"end":{"line":115,"column":6}},"42":{"start":{"line":117,"column":4},"end":{"line":117,"column":15}},"43":{"start":{"line":122,"column":2},"end":{"line":133,"column":3}},"44":{"start":{"line":123,"column":19},"end":{"line":123,"column":30}},"45":{"start":{"line":124,"column":26},"end":{"line":124,"column":61}},"46":{"start":{"line":126,"column":32},"end":{"line":126,"column":90}},"47":{"start":{"line":128,"column":4},"end":{"line":130,"column":6}},"48":{"start":{"line":132,"column":4},"end":{"line":132,"column":15}},"49":{"start":{"line":137,"column":2},"end":{"line":150,"column":3}},"50":{"start":{"line":138,"column":21},"end":{"line":138,"column":31}},"51":{"start":{"line":139,"column":21},"end":{"line":139,"column":34}},"52":{"start":{"line":140,"column":25},"end":{"line":140,"column":36}},"53":{"start":{"line":142,"column":23},"end":{"line":142,"column":74}},"54":{"start":{"line":144,"column":4},"end":{"line":146,"column":6}},"55":{"start":{"line":149,"column":4},"end":{"line":149,"column":15}}},"fnMap":{"0":{"name":"getByIdController","decl":{"start":{"line":5,"column":22},"end":{"line":5,"column":39}},"loc":{"start":{"line":5,"column":56},"end":{"line":20,"column":1}},"line":5},"1":{"name":"getAllController","decl":{"start":{"line":22,"column":22},"end":{"line":22,"column":38}},"loc":{"start":{"line":22,"column":55},"end":{"line":32,"column":1}},"line":22},"2":{"name":"registerController","decl":{"start":{"line":34,"column":22},"end":{"line":34,"column":40}},"loc":{"start":{"line":34,"column":51},"end":{"line":59,"column":1}},"line":34},"3":{"name":"updateNameUserController","decl":{"start":{"line":61,"column":22},"end":{"line":61,"column":46}},"loc":{"start":{"line":61,"column":63},"end":{"line":74,"column":1}},"line":61},"4":{"name":"updateUserEmailController","decl":{"start":{"line":76,"column":22},"end":{"line":76,"column":47}},"loc":{"start":{"line":76,"column":64},"end":{"line":89,"column":1}},"line":76},"5":{"name":"updateUserPasswordController","decl":{"start":{"line":91,"column":22},"end":{"line":91,"column":50}},"loc":{"start":{"line":91,"column":67},"end":{"line":104,"column":1}},"line":91},"6":{"name":"updateUserForgotPasswordController","decl":{"start":{"line":106,"column":22},"end":{"line":106,"column":56}},"loc":{"start":{"line":106,"column":73},"end":{"line":119,"column":1}},"line":106},"7":{"name":"updateUserImageProfileController","decl":{"start":{"line":121,"column":22},"end":{"line":121,"column":54}},"loc":{"start":{"line":121,"column":71},"end":{"line":134,"column":1}},"line":121},"8":{"name":"deleteController","decl":{"start":{"line":136,"column":22},"end":{"line":136,"column":38}},"loc":{"start":{"line":136,"column":55},"end":{"line":151,"column":1}},"line":136}},"branchMap":{"0":{"loc":{"start":{"line":39,"column":4},"end":{"line":41,"column":5}},"type":"if","locations":[{"start":{"line":39,"column":4},"end":{"line":41,"column":5}},{"start":{},"end":{}}],"line":39},"1":{"loc":{"start":{"line":124,"column":26},"end":{"line":124,"column":61}},"type":"cond-expr","locations":[{"start":{"line":124,"column":37},"end":{"line":124,"column":54}},{"start":{"line":124,"column":57},"end":{"line":124,"column":61}}],"line":124}},"s":{"0":0,"1":0,"2":0,"3":0,"4":0,"5":0,"6":0,"7":0,"8":0,"9":0,"10":0,"11":0,"12":0,"13":0,"14":0,"15":0,"16":0,"17":0,"18":0,"19":0,"20":0,"21":0,"22":0,"23":0,"24":0,"25":0,"26":0,"27":0,"28":0,"29":0,"30":0,"31":0,"32":0,"33":0,"34":0,"35":0,"36":0,"37":0,"38":0,"39":0,"40":0,"41":0,"42":0,"43":0,"44":0,"45":0,"46":0,"47":0,"48":0,"49":0,"50":0,"51":0,"52":0,"53":0,"54":0,"55":0},"f":{"0":0,"1":0,"2":0,"3":0,"4":0,"5":0,"6":0,"7":0,"8":0},"b":{"0":[0,0],"1":[0,0]},"inputSourceMap":null}
,"D:\\DeployBackEndCEO\\NovoBackEnd\\controller\\VolunteerWorkController.js": {"path":"D:\\DeployBackEndCEO\\NovoBackEnd\\controller\\VolunteerWorkController.js","statementMap":{"0":{"start":{"line":10,"column":2},"end":{"line":15,"column":3}},"1":{"start":{"line":11,"column":19},"end":{"line":11,"column":53}},"2":{"start":{"line":12,"column":4},"end":{"line":12,"column":40}},"3":{"start":{"line":14,"column":4},"end":{"line":14,"column":16}},"4":{"start":{"line":19,"column":2},"end":{"line":25,"column":3}},"5":{"start":{"line":20,"column":32},"end":{"line":20,"column":42}},"6":{"start":{"line":21,"column":19},"end":{"line":21,"column":69}},"7":{"start":{"line":22,"column":4},"end":{"line":22,"column":40}},"8":{"start":{"line":24,"column":4},"end":{"line":24,"column":16}},"9":{"start":{"line":29,"column":2},"end":{"line":34,"column":3}},"10":{"start":{"line":30,"column":19},"end":{"line":30,"column":61}},"11":{"start":{"line":31,"column":4},"end":{"line":31,"column":40}},"12":{"start":{"line":33,"column":4},"end":{"line":33,"column":16}},"13":{"start":{"line":38,"column":2},"end":{"line":44,"column":3}},"14":{"start":{"line":39,"column":32},"end":{"line":39,"column":42}},"15":{"start":{"line":40,"column":19},"end":{"line":40,"column":83}},"16":{"start":{"line":41,"column":4},"end":{"line":41,"column":40}},"17":{"start":{"line":43,"column":4},"end":{"line":43,"column":16}},"18":{"start":{"line":48,"column":2},"end":{"line":54,"column":3}},"19":{"start":{"line":49,"column":32},"end":{"line":49,"column":42}},"20":{"start":{"line":50,"column":19},"end":{"line":50,"column":68}},"21":{"start":{"line":51,"column":4},"end":{"line":51,"column":40}},"22":{"start":{"line":53,"column":4},"end":{"line":53,"column":16}}},"fnMap":{"0":{"name":"getAllVolunteerWorkController","decl":{"start":{"line":9,"column":22},"end":{"line":9,"column":51}},"loc":{"start":{"line":9,"column":68},"end":{"line":16,"column":1}},"line":9},"1":{"name":"getVolunteerWorkByIdController","decl":{"start":{"line":18,"column":22},"end":{"line":18,"column":52}},"loc":{"start":{"line":18,"column":69},"end":{"line":26,"column":1}},"line":18},"2":{"name":"createVolunteerWorkController","decl":{"start":{"line":28,"column":22},"end":{"line":28,"column":51}},"loc":{"start":{"line":28,"column":68},"end":{"line":35,"column":1}},"line":28},"3":{"name":"updateVolunteerWorkController","decl":{"start":{"line":37,"column":22},"end":{"line":37,"column":51}},"loc":{"start":{"line":37,"column":68},"end":{"line":45,"column":1}},"line":37},"4":{"name":"deleteVolunteerWorkController","decl":{"start":{"line":47,"column":22},"end":{"line":47,"column":51}},"loc":{"start":{"line":47,"column":68},"end":{"line":55,"column":1}},"line":47}},"branchMap":{},"s":{"0":0,"1":0,"2":0,"3":0,"4":0,"5":0,"6":0,"7":0,"8":0,"9":0,"10":0,"11":0,"12":0,"13":0,"14":0,"15":0,"16":0,"17":0,"18":0,"19":0,"20":0,"21":0,"22":0},"f":{"0":0,"1":0,"2":0,"3":0,"4":0},"b":{},"inputSourceMap":null}
,"D:\\DeployBackEndCEO\\NovoBackEnd\\services\\AuthService.js": {"path":"D:\\DeployBackEndCEO\\NovoBackEnd\\services\\AuthService.js","statementMap":{"0":{"start":{"line":10,"column":2},"end":{"line":12,"column":3}},"1":{"start":{"line":11,"column":4},"end":{"line":11,"column":61}},"2":{"start":{"line":14,"column":21},"end":{"line":14,"column":60}},"3":{"start":{"line":16,"column":2},"end":{"line":16,"column":62}},"4":{"start":{"line":16,"column":19},"end":{"line":16,"column":62}},"5":{"start":{"line":18,"column":24},"end":{"line":18,"column":75}},"6":{"start":{"line":20,"column":2},"end":{"line":20,"column":67}},"7":{"start":{"line":20,"column":22},"end":{"line":20,"column":67}},"8":{"start":{"line":22,"column":16},"end":{"line":26,"column":3}},"9":{"start":{"line":28,"column":2},"end":{"line":32,"column":3}},"10":{"start":{"line":36,"column":2},"end":{"line":38,"column":3}},"11":{"start":{"line":37,"column":4},"end":{"line":37,"column":63}},"12":{"start":{"line":40,"column":2},"end":{"line":40,"column":42}},"13":{"start":{"line":42,"column":21},"end":{"line":42,"column":60}},"14":{"start":{"line":44,"column":2},"end":{"line":44,"column":96}},"15":{"start":{"line":44,"column":18},"end":{"line":44,"column":96}},"16":{"start":{"line":46,"column":14},"end":{"line":51,"column":4}},"17":{"start":{"line":53,"column":20},"end":{"line":53,"column":46}},"18":{"start":{"line":55,"column":20},"end":{"line":55,"column":30}},"19":{"start":{"line":56,"column":2},"end":{"line":56,"column":50}},"20":{"start":{"line":58,"column":1},"end":{"line":58,"column":56}},"21":{"start":{"line":60,"column":1},"end":{"line":60,"column":52}},"22":{"start":{"line":62,"column":1},"end":{"line":64,"column":2}},"23":{"start":{"line":70,"column":2},"end":{"line":70,"column":68}},"24":{"start":{"line":70,"column":21},"end":{"line":70,"column":68}},"25":{"start":{"line":72,"column":20},"end":{"line":72,"column":73}},"26":{"start":{"line":73,"column":25},"end":{"line":73,"column":34}},"27":{"start":{"line":74,"column":22},"end":{"line":74,"column":32}},"28":{"start":{"line":76,"column":2},"end":{"line":76,"column":90}},"29":{"start":{"line":76,"column":55},"end":{"line":76,"column":90}},"30":{"start":{"line":78,"column":2},"end":{"line":81,"column":3}}},"fnMap":{"0":{"name":"loginService","decl":{"start":{"line":9,"column":22},"end":{"line":9,"column":34}},"loc":{"start":{"line":9,"column":52},"end":{"line":33,"column":1}},"line":9},"1":{"name":"generateOtpService","decl":{"start":{"line":35,"column":22},"end":{"line":35,"column":40}},"loc":{"start":{"line":35,"column":48},"end":{"line":66,"column":1}},"line":35},"2":{"name":"verificationOtpService","decl":{"start":{"line":68,"column":22},"end":{"line":68,"column":44}},"loc":{"start":{"line":68,"column":57},"end":{"line":83,"column":1}},"line":68}},"branchMap":{"0":{"loc":{"start":{"line":10,"column":2},"end":{"line":12,"column":3}},"type":"if","locations":[{"start":{"line":10,"column":2},"end":{"line":12,"column":3}},{"start":{},"end":{}}],"line":10},"1":{"loc":{"start":{"line":10,"column":5},"end":{"line":10,"column":24}},"type":"binary-expr","locations":[{"start":{"line":10,"column":5},"end":{"line":10,"column":11}},{"start":{"line":10,"column":15},"end":{"line":10,"column":24}}],"line":10},"2":{"loc":{"start":{"line":16,"column":2},"end":{"line":16,"column":62}},"type":"if","locations":[{"start":{"line":16,"column":2},"end":{"line":16,"column":62}},{"start":{},"end":{}}],"line":16},"3":{"loc":{"start":{"line":20,"column":2},"end":{"line":20,"column":67}},"type":"if","locations":[{"start":{"line":20,"column":2},"end":{"line":20,"column":67}},{"start":{},"end":{}}],"line":20},"4":{"loc":{"start":{"line":24,"column":4},"end":{"line":24,"column":49}},"type":"binary-expr","locations":[{"start":{"line":24,"column":4},"end":{"line":24,"column":26}},{"start":{"line":24,"column":30},"end":{"line":24,"column":49}}],"line":24},"5":{"loc":{"start":{"line":36,"column":2},"end":{"line":38,"column":3}},"type":"if","locations":[{"start":{"line":36,"column":2},"end":{"line":38,"column":3}},{"start":{},"end":{}}],"line":36},"6":{"loc":{"start":{"line":44,"column":2},"end":{"line":44,"column":96}},"type":"if","locations":[{"start":{"line":44,"column":2},"end":{"line":44,"column":96}},{"start":{},"end":{}}],"line":44},"7":{"loc":{"start":{"line":70,"column":2},"end":{"line":70,"column":68}},"type":"if","locations":[{"start":{"line":70,"column":2},"end":{"line":70,"column":68}},{"start":{},"end":{}}],"line":70},"8":{"loc":{"start":{"line":70,"column":5},"end":{"line":70,"column":19}},"type":"binary-expr","locations":[{"start":{"line":70,"column":5},"end":{"line":70,"column":11}},{"start":{"line":70,"column":15},"end":{"line":70,"column":19}}],"line":70},"9":{"loc":{"start":{"line":76,"column":2},"end":{"line":76,"column":90}},"type":"if","locations":[{"start":{"line":76,"column":2},"end":{"line":76,"column":90}},{"start":{},"end":{}}],"line":76}},"s":{"0":6,"1":2,"2":4,"3":4,"4":2,"5":2,"6":2,"7":1,"8":1,"9":1,"10":0,"11":0,"12":0,"13":0,"14":0,"15":0,"16":0,"17":0,"18":0,"19":0,"20":0,"21":0,"22":0,"23":0,"24":0,"25":0,"26":0,"27":0,"28":0,"29":0,"30":0},"f":{"0":6,"1":0,"2":0},"b":{"0":[2,4],"1":[6,5],"2":[2,2],"3":[1,1],"4":[1,1],"5":[0,0],"6":[0,0],"7":[0,0],"8":[0,0],"9":[0,0]},"inputSourceMap":null,"_coverageSchema":"1a1c01bbd47fc00a2c39e90264f33305004495a9","hash":"523ac30373207232489a46127165323f1d255083"}
,"D:\\DeployBackEndCEO\\NovoBackEnd\\services\\CommentService.js": {"path":"D:\\DeployBackEndCEO\\NovoBackEnd\\services\\CommentService.js","statementMap":{"0":{"start":{"line":6,"column":17},"end":{"line":6,"column":61}},"1":{"start":{"line":7,"column":2},"end":{"line":7,"column":40}},"2":{"start":{"line":11,"column":43},"end":{"line":11,"column":47}},"3":{"start":{"line":13,"column":2},"end":{"line":15,"column":3}},"4":{"start":{"line":14,"column":4},"end":{"line":14,"column":63}},"5":{"start":{"line":17,"column":19},"end":{"line":17,"column":86}},"6":{"start":{"line":19,"column":2},"end":{"line":21,"column":3}},"7":{"start":{"line":20,"column":4},"end":{"line":20,"column":80}},"8":{"start":{"line":23,"column":17},"end":{"line":27,"column":4}},"9":{"start":{"line":29,"column":2},"end":{"line":33,"column":4}},"10":{"start":{"line":37,"column":18},"end":{"line":37,"column":62}},"11":{"start":{"line":39,"column":2},"end":{"line":41,"column":3}},"12":{"start":{"line":40,"column":4},"end":{"line":40,"column":54}},"13":{"start":{"line":43,"column":2},"end":{"line":45,"column":3}},"14":{"start":{"line":44,"column":4},"end":{"line":44,"column":75}},"15":{"start":{"line":47,"column":25},"end":{"line":47,"column":93}},"16":{"start":{"line":49,"column":2},"end":{"line":51,"column":3}},"17":{"start":{"line":50,"column":4},"end":{"line":50,"column":57}},"18":{"start":{"line":53,"column":2},"end":{"line":56,"column":4}},"19":{"start":{"line":60,"column":18},"end":{"line":60,"column":62}},"20":{"start":{"line":62,"column":2},"end":{"line":64,"column":3}},"21":{"start":{"line":63,"column":4},"end":{"line":63,"column":54}},"22":{"start":{"line":66,"column":2},"end":{"line":68,"column":3}},"23":{"start":{"line":67,"column":4},"end":{"line":67,"column":75}},"24":{"start":{"line":70,"column":18},"end":{"line":70,"column":73}},"25":{"start":{"line":72,"column":2},"end":{"line":74,"column":3}},"26":{"start":{"line":73,"column":4},"end":{"line":73,"column":55}},"27":{"start":{"line":76,"column":2},"end":{"line":79,"column":4}}},"fnMap":{"0":{"name":"getCommentsByPostIdService","decl":{"start":{"line":5,"column":22},"end":{"line":5,"column":48}},"loc":{"start":{"line":5,"column":57},"end":{"line":8,"column":1}},"line":5},"1":{"name":"createCommentService","decl":{"start":{"line":10,"column":22},"end":{"line":10,"column":42}},"loc":{"start":{"line":10,"column":49},"end":{"line":34,"column":1}},"line":10},"2":{"name":"updateCommentService","decl":{"start":{"line":36,"column":22},"end":{"line":36,"column":42}},"loc":{"start":{"line":36,"column":77},"end":{"line":57,"column":1}},"line":36},"3":{"name":"deleteCommentService","decl":{"start":{"line":59,"column":22},"end":{"line":59,"column":42}},"loc":{"start":{"line":59,"column":68},"end":{"line":80,"column":1}},"line":59}},"branchMap":{"0":{"loc":{"start":{"line":13,"column":2},"end":{"line":15,"column":3}},"type":"if","locations":[{"start":{"line":13,"column":2},"end":{"line":15,"column":3}},{"start":{},"end":{}}],"line":13},"1":{"loc":{"start":{"line":13,"column":6},"end":{"line":13,"column":25}},"type":"binary-expr","locations":[{"start":{"line":13,"column":6},"end":{"line":13,"column":13}},{"start":{"line":13,"column":17},"end":{"line":13,"column":25}}],"line":13},"2":{"loc":{"start":{"line":19,"column":2},"end":{"line":21,"column":3}},"type":"if","locations":[{"start":{"line":19,"column":2},"end":{"line":21,"column":3}},{"start":{},"end":{}}],"line":19},"3":{"loc":{"start":{"line":39,"column":2},"end":{"line":41,"column":3}},"type":"if","locations":[{"start":{"line":39,"column":2},"end":{"line":41,"column":3}},{"start":{},"end":{}}],"line":39},"4":{"loc":{"start":{"line":43,"column":2},"end":{"line":45,"column":3}},"type":"if","locations":[{"start":{"line":43,"column":2},"end":{"line":45,"column":3}},{"start":{},"end":{}}],"line":43},"5":{"loc":{"start":{"line":49,"column":2},"end":{"line":51,"column":3}},"type":"if","locations":[{"start":{"line":49,"column":2},"end":{"line":51,"column":3}},{"start":{},"end":{}}],"line":49},"6":{"loc":{"start":{"line":62,"column":2},"end":{"line":64,"column":3}},"type":"if","locations":[{"start":{"line":62,"column":2},"end":{"line":64,"column":3}},{"start":{},"end":{}}],"line":62},"7":{"loc":{"start":{"line":66,"column":2},"end":{"line":68,"column":3}},"type":"if","locations":[{"start":{"line":66,"column":2},"end":{"line":68,"column":3}},{"start":{},"end":{}}],"line":66},"8":{"loc":{"start":{"line":72,"column":2},"end":{"line":74,"column":3}},"type":"if","locations":[{"start":{"line":72,"column":2},"end":{"line":74,"column":3}},{"start":{},"end":{}}],"line":72}},"s":{"0":0,"1":0,"2":0,"3":0,"4":0,"5":0,"6":0,"7":0,"8":0,"9":0,"10":0,"11":0,"12":0,"13":0,"14":0,"15":0,"16":0,"17":0,"18":0,"19":0,"20":0,"21":0,"22":0,"23":0,"24":0,"25":0,"26":0,"27":0},"f":{"0":0,"1":0,"2":0,"3":0},"b":{"0":[0,0],"1":[0,0],"2":[0,0],"3":[0,0],"4":[0,0],"5":[0,0],"6":[0,0],"7":[0,0],"8":[0,0]},"inputSourceMap":null}
,"D:\\DeployBackEndCEO\\NovoBackEnd\\services\\EmailService.js": {"path":"D:\\DeployBackEndCEO\\NovoBackEnd\\services\\EmailService.js","statementMap":{"0":{"start":{"line":2,"column":15},"end":{"line":2,"column":53}},"1":{"start":{"line":5,"column":22},"end":{"line":25,"column":4}},"2":{"start":{"line":27,"column":2},"end":{"line":27,"column":93}},"3":{"start":{"line":27,"column":13},"end":{"line":27,"column":93}},"4":{"start":{"line":32,"column":97},"end":{"line":32,"column":101}},"5":{"start":{"line":34,"column":20},"end":{"line":65,"column":4}},"6":{"start":{"line":67,"column":2},"end":{"line":67,"column":101}},"7":{"start":{"line":67,"column":13},"end":{"line":67,"column":101}}},"fnMap":{"0":{"name":"sendOtpEmail","decl":{"start":{"line":4,"column":30},"end":{"line":4,"column":42}},"loc":{"start":{"line":4,"column":65},"end":{"line":29,"column":1}},"line":4},"1":{"name":"sendLibraryReceiptEmail","decl":{"start":{"line":31,"column":22},"end":{"line":31,"column":45}},"loc":{"start":{"line":31,"column":52},"end":{"line":68,"column":1}},"line":31}},"branchMap":{"0":{"loc":{"start":{"line":27,"column":2},"end":{"line":27,"column":93}},"type":"if","locations":[{"start":{"line":27,"column":2},"end":{"line":27,"column":93}},{"start":{},"end":{}}],"line":27},"1":{"loc":{"start":{"line":47,"column":15},"end":{"line":47,"column":202}},"type":"cond-expr","locations":[{"start":{"line":47,"column":23},"end":{"line":47,"column":197}},{"start":{"line":47,"column":200},"end":{"line":47,"column":202}}],"line":47},"2":{"loc":{"start":{"line":67,"column":2},"end":{"line":67,"column":101}},"type":"if","locations":[{"start":{"line":67,"column":2},"end":{"line":67,"column":101}},{"start":{},"end":{}}],"line":67}},"s":{"0":0,"1":0,"2":0,"3":0,"4":0,"5":0,"6":0,"7":0},"f":{"0":0,"1":0},"b":{"0":[0,0],"1":[0,0],"2":[0,0]},"inputSourceMap":null}
,"D:\\DeployBackEndCEO\\NovoBackEnd\\services\\FavoriteService.js": {"path":"D:\\DeployBackEndCEO\\NovoBackEnd\\services\\FavoriteService.js","statementMap":{"0":{"start":{"line":6,"column":17},"end":{"line":6,"column":65}},"1":{"start":{"line":8,"column":2},"end":{"line":10,"column":3}},"2":{"start":{"line":9,"column":4},"end":{"line":9,"column":62}},"3":{"start":{"line":12,"column":2},"end":{"line":16,"column":4}},"4":{"start":{"line":20,"column":2},"end":{"line":22,"column":3}},"5":{"start":{"line":21,"column":4},"end":{"line":21,"column":65}},"6":{"start":{"line":24,"column":19},"end":{"line":24,"column":77}},"7":{"start":{"line":26,"column":2},"end":{"line":28,"column":3}},"8":{"start":{"line":27,"column":4},"end":{"line":27,"column":57}},"9":{"start":{"line":30,"column":17},"end":{"line":33,"column":4}},"10":{"start":{"line":35,"column":2},"end":{"line":39,"column":4}}},"fnMap":{"0":{"name":"viewAllFavoritesByUserService","decl":{"start":{"line":5,"column":22},"end":{"line":5,"column":51}},"loc":{"start":{"line":5,"column":65},"end":{"line":17,"column":1}},"line":5},"1":{"name":"createFavoriteBookService","decl":{"start":{"line":19,"column":22},"end":{"line":19,"column":47}},"loc":{"start":{"line":19,"column":77},"end":{"line":40,"column":1}},"line":19}},"branchMap":{"0":{"loc":{"start":{"line":8,"column":2},"end":{"line":10,"column":3}},"type":"if","locations":[{"start":{"line":8,"column":2},"end":{"line":10,"column":3}},{"start":{},"end":{}}],"line":8},"1":{"loc":{"start":{"line":8,"column":6},"end":{"line":8,"column":36}},"type":"binary-expr","locations":[{"start":{"line":8,"column":6},"end":{"line":8,"column":13}},{"start":{"line":8,"column":17},"end":{"line":8,"column":36}}],"line":8},"2":{"loc":{"start":{"line":20,"column":2},"end":{"line":22,"column":3}},"type":"if","locations":[{"start":{"line":20,"column":2},"end":{"line":22,"column":3}},{"start":{},"end":{}}],"line":20},"3":{"loc":{"start":{"line":20,"column":6},"end":{"line":20,"column":37}},"type":"binary-expr","locations":[{"start":{"line":20,"column":6},"end":{"line":20,"column":18}},{"start":{"line":20,"column":22},"end":{"line":20,"column":37}}],"line":20},"4":{"loc":{"start":{"line":26,"column":2},"end":{"line":28,"column":3}},"type":"if","locations":[{"start":{"line":26,"column":2},"end":{"line":28,"column":3}},{"start":{},"end":{}}],"line":26}},"s":{"0":0,"1":0,"2":0,"3":0,"4":0,"5":0,"6":0,"7":0,"8":0,"9":0,"10":0},"f":{"0":0,"1":0},"b":{"0":[0,0],"1":[0,0],"2":[0,0],"3":[0,0],"4":[0,0]},"inputSourceMap":null}
,"D:\\DeployBackEndCEO\\NovoBackEnd\\services\\GroupOfStudyService.js": {"path":"D:\\DeployBackEndCEO\\NovoBackEnd\\services\\GroupOfStudyService.js","statementMap":{"0":{"start":{"line":7,"column":17},"end":{"line":7,"column":55}},"1":{"start":{"line":9,"column":2},"end":{"line":12,"column":4}},"2":{"start":{"line":17,"column":2},"end":{"line":19,"column":3}},"3":{"start":{"line":18,"column":4},"end":{"line":18,"column":62}},"4":{"start":{"line":21,"column":17},"end":{"line":21,"column":67}},"5":{"start":{"line":23,"column":2},"end":{"line":25,"column":3}},"6":{"start":{"line":24,"column":4},"end":{"line":24,"column":67}},"7":{"start":{"line":27,"column":2},"end":{"line":31,"column":4}},"8":{"start":{"line":45,"column":6},"end":{"line":45,"column":10}},"9":{"start":{"line":47,"column":2},"end":{"line":52,"column":3}},"10":{"start":{"line":48,"column":4},"end":{"line":51,"column":6}},"11":{"start":{"line":54,"column":17},"end":{"line":57,"column":3}},"12":{"start":{"line":59,"column":2},"end":{"line":61,"column":3}},"13":{"start":{"line":60,"column":4},"end":{"line":60,"column":68}},"14":{"start":{"line":63,"column":16},"end":{"line":72,"column":4}},"15":{"start":{"line":74,"column":2},"end":{"line":78,"column":4}},"16":{"start":{"line":83,"column":16},"end":{"line":83,"column":69}},"17":{"start":{"line":84,"column":2},"end":{"line":84,"column":59}},"18":{"start":{"line":84,"column":14},"end":{"line":84,"column":59}},"19":{"start":{"line":86,"column":2},"end":{"line":86,"column":32}},"20":{"start":{"line":90,"column":2},"end":{"line":90,"column":70}},"21":{"start":{"line":90,"column":18},"end":{"line":90,"column":70}},"22":{"start":{"line":92,"column":2},"end":{"line":92,"column":41}},"23":{"start":{"line":94,"column":2},"end":{"line":94,"column":65}},"24":{"start":{"line":96,"column":2},"end":{"line":96,"column":66}},"25":{"start":{"line":100,"column":2},"end":{"line":100,"column":68}},"26":{"start":{"line":100,"column":20},"end":{"line":100,"column":68}},"27":{"start":{"line":102,"column":2},"end":{"line":102,"column":41}},"28":{"start":{"line":104,"column":2},"end":{"line":104,"column":68}},"29":{"start":{"line":106,"column":2},"end":{"line":106,"column":73}},"30":{"start":{"line":110,"column":2},"end":{"line":110,"column":70}},"31":{"start":{"line":110,"column":18},"end":{"line":110,"column":70}},"32":{"start":{"line":112,"column":2},"end":{"line":112,"column":41}},"33":{"start":{"line":114,"column":2},"end":{"line":114,"column":65}},"34":{"start":{"line":116,"column":2},"end":{"line":116,"column":78}},"35":{"start":{"line":120,"column":2},"end":{"line":120,"column":71}},"36":{"start":{"line":120,"column":18},"end":{"line":120,"column":71}},"37":{"start":{"line":122,"column":2},"end":{"line":122
[...]
"column":2},"end":{"line":82,"column":3}},"25":{"start":{"line":81,"column":4},"end":{"line":81,"column":72}},"26":{"start":{"line":84,"column":2},"end":{"line":88,"column":3}},"27":{"start":{"line":92,"column":2},"end":{"line":94,"column":3}},"28":{"start":{"line":93,"column":4},"end":{"line":93,"column":57}},"29":{"start":{"line":96,"column":23},"end":{"line":98,"column":4}},"30":{"start":{"line":100,"column":2},"end":{"line":102,"column":3}},"31":{"start":{"line":101,"column":4},"end":{"line":101,"column":72}},"32":{"start":{"line":104,"column":2},"end":{"line":108,"column":3}},"33":{"start":{"line":112,"column":2},"end":{"line":114,"column":3}},"34":{"start":{"line":113,"column":4},"end":{"line":113,"column":63}},"35":{"start":{"line":116,"column":21},"end":{"line":116,"column":58}},"36":{"start":{"line":118,"column":2},"end":{"line":118,"column":102}},"37":{"start":{"line":118,"column":18},"end":{"line":118,"column":102}},"38":{"start":{"line":120,"column":24},"end":{"line":120,"column":82}},"39":{"start":{"line":122,"column":2},"end":{"line":122,"column":65}},"40":{"start":{"line":122,"column":21},"end":{"line":122,"column":65}},"41":{"start":{"line":124,"column":2},"end":{"line":124,"column":132}},"42":{"start":{"line":124,"column":40},"end":{"line":124,"column":132}},"43":{"start":{"line":126,"column":25},"end":{"line":126,"column":59}},"44":{"start":{"line":128,"column":23},"end":{"line":130,"column":4}},"45":{"start":{"line":132,"column":2},"end":{"line":134,"column":3}},"46":{"start":{"line":133,"column":4},"end":{"line":133,"column":59}},"47":{"start":{"line":136,"column":2},"end":{"line":140,"column":3}},"48":{"start":{"line":144,"column":2},"end":{"line":146,"column":3}},"49":{"start":{"line":145,"column":4},"end":{"line":145,"column":78}},"50":{"start":{"line":148,"column":21},"end":{"line":148,"column":60}},"51":{"start":{"line":150,"column":2},"end":{"line":150,"column":69}},"52":{"start":{"line":150,"column":19},"end":{"line":150,"column":69}},"53":{"start":{"line":152,"column":25},"end":{"line":152,"column":59}},"54":{"start":{"line":154,"column":23},"end":{"line":156,"column":4}},"55":{"start":{"line":158,"column":2},"end":{"line":160,"column":3}},"56":{"start":{"line":159,"column":4},"end":{"line":159,"column":63}},"57":{"start":{"line":162,"column":2},"end":{"line":166,"column":4}},"58":{"start":{"line":170,"column":2},"end":{"line":172,"column":3}},"59":{"start":{"line":171,"column":4},"end":{"line":171,"column":64}},"60":{"start":{"line":174,"column":21},"end":{"line":174,"column":58}},"61":{"start":{"line":176,"column":2},"end":{"line":180,"column":4}},"62":{"start":{"line":177,"column":4},"end":{"line":180,"column":4}},"63":{"start":{"line":182,"column":23},"end":{"line":184,"column":4}},"64":{"start":{"line":186,"column":2},"end":{"line":191,"column":3}},"65":{"start":{"line":187,"column":4},"end":{"line":190,"column":6}},"66":{"start":{"line":193,"column":2},"end":{"line":197,"column":4}},"67":{"start":{"line":201,"column":2},"end":{"line":203,"column":3}},"68":{"start":{"line":202,"column":4},"end":{"line":202,"column":66}},"69":{"start":{"line":205,"column":2},"end":{"line":211,"column":3}},"70":{"start":{"line":210,"column":4},"end":{"line":210,"column":76}},"71":{"start":{"line":213,"column":21},"end":{"line":213,"column":58}},"72":{"start":{"line":215,"column":2},"end":{"line":220,"column":3}},"73":{"start":{"line":216,"column":4},"end":{"line":219,"column":6}},"74":{"start":{"line":222,"column":2},"end":{"line":222,"column":38}},"75":{"start":{"line":224,"column":2},"end":{"line":227,"column":4}}},"fnMap":{"0":{"name":"getAllService","decl":{"start":{"line":5,"column":22},"end":{"line":5,"column":35}},"loc":{"start":{"line":5,"column":38},"end":{"line":16,"column":1}},"line":5},"1":{"name":"getByIdService","decl":{"start":{"line":18,"column":22},"end":{"line":18,"column":36}},"loc":{"start":{"line":18,"column":71},"end":{"line":42,"column":1}},"line":18},"2":{"name":"register","decl":{"start":{"line":44,"column":22},"end":{"line":44,"column":30}},"loc":{"start":{"line":44,"column":37},"end":{"line":69,"column":1}},"line":44},"3":{"name":"updateNameUserService","decl":{"start":{"line":71,"column":22},"end":{"line":71,"column":43}},"loc":{"start":{"line":71,"column":62},"end":{"line":89,"column":1}},"line":71},"4":{"name":"updateUserEmailService","decl":{"start":{"line":91,"column":22},"end":{"line":91,"column":44}},"loc":{"start":{"line":91,"column":64},"end":{"line":109,"column":1}},"line":91},"5":{"name":"updateUserPasswordService","decl":{"start":{"line":111,"column":22},"end":{"line":111,"column":47}},"loc":{"start":{"line":111,"column":105},"end":{"line":141,"column":1}},"line":111},"6":{"name":"updateUserForgotPasswordService","decl":{"start":{"line":143,"column":22},"end":{"line":143,"column":53}},"loc":{"start":{"line":143,"column":82},"end":{"line":167,"column":1}},"line":143},"7":{"name":"updateUserImageProfileService","decl":{"start":{"line":169,"column":22},"end":{"line":169,"column":51}},"loc":{"start":{"line":169,"column":75},"end":{"line":198,"column":1}},"line":169},"8":{"name":"deleteService","decl":{"start":{"line":200,"column":22},"end":{"line":200,"column":35}},"loc":{"start":{"line":200,"column":68},"end":{"line":228,"column":1}},"line":200}},"branchMap":{"0":{"loc":{"start":{"line":8,"column":2},"end":{"line":10,"column":3}},"type":"if","locations":[{"start":{"line":8,"column":2},"end":{"line":10,"column":3}},{"start":{},"end":{}}],"line":8},"1":{"loc":{"start":{"line":19,"column":2},"end":{"line":21,"column":3}},"type":"if","locations":[{"start":{"line":19,"column":2},"end":{"line":21,"column":3}},{"start":{},"end":{}}],"line":19},"2":{"loc":{"start":{"line":23,"column":2},"end":{"line":29,"column":3}},"type":"if","locations":[{"start":{"line":23,"column":2},"end":{"line":29,"column":3}},{"start":{},"end":{}}],"line":23},"3":{"loc":{"start":{"line":24,"column":4},"end":{"line":26,"column":29}},"type":"binary-expr","locations":[{"start":{"line":24,"column":4},"end":{"line":24,"column":24}},{"start":{"line":25,"column":4},"end":{"line":25,"column":29}},{"start":{"line":26,"column":4},"end":{"line":26,"column":29}}],"line":24},"4":{"loc":{"start":{"line":33,"column":2},"end":{"line":35,"column":3}},"type":"if","locations":[{"start":{"line":33,"column":2},"end":{"line":35,"column":3}},{"start":{},"end":{}}],"line":33},"5":{"loc":{"start":{"line":47,"column":2},"end":{"line":48,"column":62}},"type":"if","locations":[{"start":{"line":47,"column":2},"end":{"line":48,"column":62}},{"start":{},"end":{}}],"line":47},"6":{"loc":{"start":{"line":47,"column":6},"end":{"line":47,"column":38}},"type":"binary-expr","locations":[{"start":{"line":47,"column":6},"end":{"line":47,"column":15}},{"start":{"line":47,"column":19},"end":{"line":47,"column":25}},{"start":{"line":47,"column":29},"end":{"line":47,"column":38}}],"line":47},"7":{"loc":{"start":{"line":52,"column":2},"end":{"line":52,"column":57}},"type":"if","locations":[{"start":{"line":52,"column":2},"end":{"line":52,"column":57}},{"start":{},"end":{}}],"line":52},"8":{"loc":{"start":{"line":60,"column":19},"end":{"line":60,"column":40}},"type":"binary-expr","locations":[{"start":{"line":60,"column":19},"end":{"line":60,"column":32}},{"start":{"line":60,"column":36},"end":{"line":60,"column":40}}],"line":60},"9":{"loc":{"start":{"line":72,"column":2},"end":{"line":74,"column":3}},"type":"if","locations":[{"start":{"line":72,"column":2},"end":{"line":74,"column":3}},{"start":{},"end":{}}],"line":72},"10":{"loc":{"start":{"line":80,"column":2},"end":{"line":82,"column":3}},"type":"if","locations":[{"start":{"line":80,"column":2},"end":{"line":82,"column":3}},{"start":{},"end":{}}],"line":80},"11":{"loc":{"start":{"line":92,"column":2},"end":{"line":94,"column":3}},"type":"if","locations":[{"start":{"line":92,"column":2},"end":{"line":94,"column":3}},{"start":{},"end":{}}],"line":92},"12":{"loc":{"start":{"line":100,"column":2},"end":{"line":102,"column":3}},"type":"if","locations":[{"start":{"line":100,"column":2},"end":{"line":102,"column":3}},{"start":{},"end":{}}],"line":100},"13":{"loc":{"start":{"line":112,"column":2},"end":{"line":114,"column":3}},"type":"if","locations":[{"start":{"line":112,"column":2},"end":{"line":114,"column":3}},{"start":{},"end":{}}],"line":112},"14":{"loc":{"start":{"line":112,"column":5},"end":{"line":112,"column":70}},"type":"binary-expr","locations":[{"start":{"line":112,"column":5},"end":{"line":112,"column":12}},{"start":{"line":112,"column":16},"end":{"line":112,"column":28}},{"start":{"line":112,"column":32},"end":{"line":112,"column":48}},{"start":{"line":112,"column":52},"end":{"line":112,"column":70}}],"line":112},"15":{"loc":{"start":{"line":118,"column":2},"end":{"line":118,"column":102}},"type":"if","locations":[{"start":{"line":118,"column":2},"end":{"line":118,"column":102}},{"start":{},"end":{}}],"line":118},"16":{"loc":{"start":{"line":122,"column":2},"end":{"line":122,"column":65}},"type":"if","locations":[{"start":{"line":122,"column":2},"end":{"line":122,"column":65}},{"start":{},"end":{}}],"line":122},"17":{"loc":{"start":{"line":124,"column":2},"end":{"line":124,"column":132}},"type":"if","locations":[{"start":{"line":124,"column":2},"end":{"line":124,"column":132}},{"start":{},"end":{}}],"line":124},"18":{"loc":{"start":{"line":132,"column":2},"end":{"line":134,"column":3}},"type":"if","locations":[{"start":{"line":132,"column":2},"end":{"line":134,"column":3}},{"start":{},"end":{}}],"line":132},"19":{"loc":{"start":{"line":144,"column":2},"end":{"line":146,"column":3}},"type":"if","locations":[{"start":{"line":144,"column":2},"end":{"line":146,"column":3}},{"start":{},"end":{}}],"line":144},"20":{"loc":{"start":{"line":144,"column":6},"end":{"line":144,"column":28}},"type":"binary-expr","locations":[{"start":{"line":144,"column":6},"end":{"line":144,"column":12}},{"start":{"line":144,"column":16},"end":{"line":144,"column":28}}],"line":144},"21":{"loc":{"start":{"line":150,"column":2},"end":{"line":150,"column":69}},"type":"if","locations":[{"start":{"line":150,"column":2},"end":{"line":150,"column":69}},{"start":{},"end":{}}],"line":150},"22":{"loc":{"start":{"line":158,"column":2},"end":{"line":160,"column":3}},"type":"if","locations":[{"start":{"line":158,"column":2},"end":{"line":160,"column":3}},{"start":{},"end":{}}],"line":158},"23":{"loc":{"start":{"line":170,"column":2},"end":{"line":172,"column":3}},"type":"if","locations":[{"start":{"line":170,"column":2},"end":{"line":172,"column":3}},{"start":{},"end":{}}],"line":170},"24":{"loc":{"start":{"line":176,"column":2},"end":{"line":180,"column":4}},"type":"if","locations":[{"start":{"line":176,"column":2},"end":{"line":180,"column":4}},{"start":{},"end":{}}],"line":176},"25":{"loc":{"start":{"line":183,"column":19},"end":{"line":183,"column":40}},"type":"binary-expr","locations":[{"start":{"line":183,"column":19},"end":{"line":183,"column":32}},{"start":{"line":183,"column":36},"end":{"line":183,"column":40}}],"line":183},"26":{"loc":{"start":{"line":186,"column":2},"end":{"line":191,"column":3}},"type":"if","locations":[{"start":{"line":186,"column":2},"end":{"line":191,"column":3}},{"start":{},"end":{}}],"line":186},"27":{"loc":{"start":{"line":201,"column":2},"end":{"line":203,"column":3}},"type":"if","locations":[{"start":{"line":201,"column":2},"end":{"line":203,"column":3}},{"start":{},"end":{}}],"line":201},"28":{"loc":{"start":{"line":205,"column":2},"end":{"line":211,"column":3}},"type":"if","locations":[{"start":{"line":205,"column":2},"end":{"line":211,"column":3}},{"start":{},"end":{}}],"line":205},"29":{"loc":{"start":{"line":206,"column":4},"end":{"line":208,"column":27}},"type":"binary-expr","locations":[{"start":{"line":206,"column":4},"end":{"line":206,"column":24}},{"start":{"line":207,"column":4},"end":{"line":207,"column":29}},{"start":{"line":208,"column":4},"end":{"line":208,"column":27}}],"line":206},"30":{"loc":{"start":{"line":215,"column":2},"end":{"line":220,"column":3}},"type":"if","locations":[{"start":{"line":215,"column":2},"end":{"line":220,"column":3}},{"start":{},"end":{}}],"line":215}},"s":{"0":0,"1":0,"2":0,"3":0,"4":0,"5":0,"6":0,"7":0,"8":0,"9":0,"10":0,"11":0,"12":0,"13":0,"14":0,"15":0,"16":0,"17":0,"18":0,"19":0,"20":0,"21":0,"22":0,"23":0,"24":0,"25":0,"26":0,"27":0,"28":0,"29":0,"30":0,"31":0,"32":0,"33":0,"34":0,"35":0,"36":0,"37":0,"38":0,"39":0,"40":0,"41":0,"42":0,"43":0,"44":0,"45":0,"46":0,"47":0,"48":0,"49":0,"50":0,"51":0,"52":0,"53":0,"54":0,"55":0,"56":0,"57":0,"58":0,"59":0,"60":0,"61":0,"62":0,"63":0,"64":0,"65":0,"66":0,"67":0,"68":0,"69":0,"70":0,"71":0,"72":0,"73":0,"74":0,"75":0},"f":{"0":0,"1":0,"2":0,"3":0,"4":0,"5":0,"6":0,"7":0,"8":0},"b":{"0":[0,0],"1":[0,0],"2":[0,0],"3":[0,0,0],"4":[0,0],"5":[0,0],"6":[0,0,0],"7":[0,0],"8":[0,0],"9":[0,0],"10":[0,0],"11":[0,0],"12":[0,0],"13":[0,0],"14":[0,0,0,0],"15":[0,0],"16":[0,0],"17":[0,0],"18":[0,0],"19":[0,0],"20":[0,0],"21":[0,0],"22":[0,0],"23":[0,0],"24":[0,0],"25":[0,0],"26":[0,0],"27":[0,0],"28":[0,0],"29":[0,0,0],"30":[0,0]},"inputSourceMap":null}
,"D:\\DeployBackEndCEO\\NovoBackEnd\\services\\VolunteerWorkService.js": {"path":"D:\\DeployBackEndCEO\\NovoBackEnd\\services\\VolunteerWorkService.js","statementMap":{"0":{"start":{"line":6,"column":17},"end":{"line":6,"column":56}},"1":{"start":{"line":8,"column":2},"end":{"line":10,"column":3}},"2":{"start":{"line":9,"column":4},"end":{"line":9,"column":37}},"3":{"start":{"line":12,"column":2},"end":{"line":16,"column":4}},"4":{"start":{"line":20,"column":2},"end":{"line":22,"column":3}},"5":{"start":{"line":21,"column":4},"end":{"line":21,"column":66}},"6":{"start":{"line":24,"column":17},"end":{"line":24,"column":72}},"7":{"start":{"line":26,"column":2},"end":{"line":28,"column":3}},"8":{"start":{"line":27,"column":4},"end":{"line":27,"column":110}},"9":{"start":{"line":30,"column":2},"end":{"line":34,"column":4}},"10":{"start":{"line":38,"column":97},"end":{"line":38,"column":101}},"11":{"start":{"line":40,"column":2},"end":{"line":42,"column":3}},"12":{"start":{"line":41,"column":4},"end":{"line":41,"column":64}},"13":{"start":{"line":44,"column":19},"end":{"line":49,"column":3}},"14":{"start":{"line":51,"column":2},"end":{"line":53,"column":3}},"15":{"start":{"line":52,"column":4},"end":{"line":52,"column":62}},"16":{"start":{"line":55,"column":17},"end":{"line":61,"column":4}},"17":{"start":{"line":63,"column":2},"end":{"line":67,"column":4}},"18":{"start":{"line":71,"column":2},"end":{"line":73,"column":3}},"19":{"start":{"line":72,"column":4},"end":{"line":72,"column":67}},"20":{"start":{"line":75,"column":17},"end":{"line":75,"column":72}},"21":{"start":{"line":76,"column":2},"end":{"line":78,"column":3}},"22":{"start":{"line":77,"column":4},"end":{"line":77,"column":106}},"23":{"start":{"line":80,"column":25},"end":{"line":80,"column":89}},"24":{"start":{"line":82,"column":2},"end":{"line":84,"column":3}},"25":{"start":{"line":83,"column":4},"end":{"line":83,"column":95}},"26":{"start":{"line":86,"column":22},"end":{"line":86,"column":77}},"27":{"start":{"line":88,"column":2},"end":{"line":92,"column":4}},"28":{"start":{"line":96,"column":2},"end":{"line":98,"column":3}},"29":{"start":{"line":97,"column":4},"end":{"line":97,"column":67}},"30":{"start":{"line":100,"column":17},"end":{"line":100,"column":72}},"31":{"start":{"line":101,"column":2},"end":{"line":103,"column":3}},"32":{"start":{"line":102,"column":4},"end":{"line":102,"column":106}},"33":{"start":{"line":105,"column":22},"end":{"line":105,"column":75}},"34":{"start":{"line":107,"column":2},"end":{"line":109,"column":3}},"35":{"start":{"line":108,"column":4},"end":{"line":108,"column":66}},"36":{"start":{"line":111,"column":2},"end":{"line":114,"column":4}}},"fnMap":{"0":{"name":"getAllVolunteerWorkService","decl":{"start":{"line":5,"column":22},"end":{"line":5,"column":48}},"loc":{"start":{"line":5,"column":51},"end":{"line":17,"column":1}},"line":5},"1":{"name":"getVolunteerWorkByIdService","decl":{"start":{"line":19,"column":22},"end":{"line":19,"column":49}},"loc":{"start":{"line":19,"column":67},"end":{"line":35,"column":1}},"line":19},"2":{"name":"createVolunteerWorkService","decl":{"start":{"line":37,"column":22},"end":{"line":37,"column":48}},"loc":{"start":{"line":37,"column":55},"end":{"line":68,"column":1}},"line":37},"3":{"name":"updateVolunteerWorkFieldService","decl":{"start":{"line":70,"column":22},"end":{"line":70,"column":53}},"loc":{"start":{"line":70,"column":82},"end":{"line":93,"column":1}},"line":70},"4":{"name":"deleteVolunteerWorkService","decl":{"start":{"line":95,"column":22},"end":{"line":95,"column":48}},"loc":{"start":{"line":95,"column":66},"end":{"line":115,"column":1}},"line":95}},"branchMap":{"0":{"loc":{"start":{"line":8,"column":2},"end":{"line":10,"column":3}},"type":"if","locations":[{"start":{"line":8,"column":2},"end":{"line":10,"column":3}},{"start":{},"end":{}}],"line":8},"1":{"loc":{"start":{"line":8,"column":6},"end":{"line":8,"column":36}},"type":"binary-expr","locations":[{"start":{"line":8,"column":6},"end":{"line":8,"column":13}},{"start":{"line":8,"column":17},"end":{"line":8,"column":36}}],"line":8},"2":{"loc":{"start":{"line":20,"column":2},"end":{"line":22,"column":3}},"type":"if","locations":[{"start":{"line":20,"column":2},"end":{"line":22,"column":3}},{"start":{},"end":{}}],"line":20},"3":{"loc":{"start":{"line":26,"column":2},"end":{"line":28,"column":3}},"type":"if","locations":[{"start":{"line":26,"column":2},"end":{"line":28,"column":3}},{"start":{},"end":{}}],"line":26},"4":{"loc":{"start":{"line":40,"column":2},"end":{"line":42,"column":3}},"type":"if","locations":[{"start":{"line":40,"column":2},"end":{"line":42,"column":3}},{"start":{},"end":{}}],"line":40},"5":{"loc":{"start":{"line":40,"column":6},"end":{"line":40,"column":79}},"type":"binary-expr","locations":[{"start":{"line":40,"column":6},"end":{"line":40,"column":24}},{"start":{"line":40,"column":28},"end":{"line":40,"column":36}},{"start":{"line":40,"column":40},"end":{"line":40,"column":58}},{"start":{"line":40,"column":62},"end":{"line":40,"column":79}}],"line":40},"6":{"loc":{"start":{"line":51,"column":2},"end":{"line":53,"column":3}},"type":"if","locations":[{"start":{"line":51,"column":2},"end":{"line":53,"column":3}},{"start":{},"end":{}}],"line":51},"7":{"loc":{"start":{"line":71,"column":2},"end":{"line":73,"column":3}},"type":"if","locations":[{"start":{"line":71,"column":2},"end":{"line":73,"column":3}},{"start":{},"end":{}}],"line":71},"8":{"loc":{"start":{"line":76,"column":2},"end":{"line":78,"column":3}},"type":"if","locations":[{"start":{"line":76,"column":2},"end":{"line":78,"column":3}},{"start":{},"end":{}}],"line":76},"9":{"loc":{"start":{"line":82,"column":2},"end":{"line":84,"column":3}},"type":"if","locations":[{"start":{"line":82,"column":2},"end":{"line":84,"column":3}},{"start":{},"end":{}}],"line":82},"10":{"loc":{"start":{"line":96,"column":2},"end":{"line":98,"column":3}},"type":"if","locations":[{"start":{"line":96,"column":2},"end":{"line":98,"column":3}},{"start":{},"end":{}}],"line":96},"11":{"loc":{"start":{"line":101,"column":2},"end":{"line":103,"column":3}},"type":"if","locations":[{"start":{"line":101,"column":2},"end":{"line":103,"column":3}},{"start":{},"end":{}}],"line":101},"12":{"loc":{"start":{"line":107,"column":2},"end":{"line":109,"column":3}},"type":"if","locations":[{"start":{"line":107,"column":2},"end":{"line":109,"column":3}},{"start":{},"end":{}}],"line":107}},"s":{"0":0,"1":0,"2":0,"3":0,"4":0,"5":0,"6":0,"7":0,"8":0,"9":0,"10":0,"11":0,"12":0,"13":0,"14":0,"15":0,"16":0,"17":0,"18":0,"19":0,"20":0,"21":0,"22":0,"23":0,"24":0,"25":0,"26":0,"27":0,"28":0,"29":0,"30":0,"31":0,"32":0,"33":0,"34":0,"35":0,"36":0},"f":{"0":0,"1":0,"2":0,"3":0,"4":0},"b":{"0":[0,0],"1":[0,0],"2":[0,0],"3":[0,0],"4":[0,0],"5":[0,0,0,0],"6":[0,0],"7":[0,0],"8":[0,0],"9":[0,0],"10":[0,0],"11":[0,0],"12":[0,0]},"inputSourceMap":null}
}
