TN:
SF:controller\AuthController.js
FN:3,loginController
FN:19,generateOtpController
FN:35,verificationOtpController
FNF:3
FNH:1
FNDA:1,loginController
FNDA:0,generateOtpController
FNDA:0,verificationOtpController
DA:4,1
DA:5,1
DA:7,1
DA:9,0
DA:15,1
DA:20,0
DA:21,0
DA:23,0
DA:25,0
DA:31,0
DA:36,0
DA:37,0
DA:39,0
DA:41,0
DA:45,0
LF:15
LH:4
BRF:0
BRH:0
end_of_record
TN:
SF:controller\CommentController.js
FN:8,getCommentsByPostIdController
FN:18,createCommentController
FN:30,updateCommentController
FN:42,deleteCommentController
FNF:4
FNH:0
FNDA:0,getCommentsByPostIdController
FNDA:0,createCommentController
FNDA:0,updateCommentController
FNDA:0,deleteCommentController
DA:9,0
DA:10,0
DA:11,0
DA:12,0
DA:14,0
DA:19,0
DA:20,0
DA:21,0
DA:22,0
DA:23,0
DA:24,0
DA:26,0
DA:31,0
DA:32,0
DA:33,0
DA:34,0
DA:35,0
DA:36,0
DA:38,0
DA:43,0
DA:44,0
DA:45,0
DA:46,0
DA:47,0
DA:49,0
LF:25
LH:0
BRF:0
BRH:0
end_of_record
TN:
SF:controller\FavoriteController.js
FN:6,viewAllFavoritesByUserController
FN:16,createFavoriteBookController
FNF:2
FNH:0
FNDA:0,viewAllFavoritesByUserController
FNDA:0,createFavoriteBookController
DA:7,0
DA:8,0
DA:9,0
DA:10,0
DA:12,0
DA:17,0
DA:18,0
DA:19,0
DA:20,0
DA:21,0
DA:23,0
LF:11
LH:0
BRF:0
BRH:0
end_of_record
TN:
SF:controller\GroupOfStudyController.js
FN:16,getGroupsController
FN:25,getGroupsByTypeController
FN:36,createGroupController
FN:46,updateGroupNameController
FN:58,updateGroupDescriptionController
FN:70,updateGroupDayOfWeekController
FN:82,updateGroupStartTimeController
FN:94,updateGroupEndTimeController
FN:106,updateGroupTypeController
FN:118,updateGroupRequirementsController
FN:131,deleteGroupController
FNF:11
FNH:0
FNDA:0,getGroupsController
FNDA:0,getGroupsByTypeController
FNDA:0,createGroupController
FNDA:0,updateGroupNameController
FNDA:0,updateGroupDescriptionController
FNDA:0,updateGroupDayOfWeekController
FNDA:0,updateGroupStartTimeController
FNDA:0,updateGroupEndTimeController
FNDA:0,updateGroupTypeController
FNDA:0,updateGroupRequirementsController
FNDA:0,deleteGroupController
DA:17,0
DA:18,0
DA:19,0
DA:21,0
DA:26,0
DA:27,0
DA:28,0
DA:29,0
DA:31,0
DA:37,0
DA:38,0
DA:39,0
DA:41,0
DA:47,0
DA:48,0
DA:49,0
DA:51,0
DA:52,0
DA:54,0
DA:59,0
DA:60,0
DA:61,0
DA:63,0
DA:64,0
DA:66,0
DA:71,0
DA:72,0
DA:73,0
DA:75,0
DA:76,0
DA:78,0
DA:83,0
DA:84,0
DA:85,0
DA:87,0
DA:88,0
DA:90,0
DA:95,0
DA:96,0
DA:97,0
DA:99,0
DA:100,0
DA:102,0
DA:107,0
DA:108,0
DA:109,0
DA:111,0
DA:112,0
DA:114,0
DA:119,0
DA:120,0
DA:121,0
DA:123,0
DA:124,0
DA:126,0
DA:132,0
DA:133,0
DA:134,0
DA:135,0
DA:137,0
LF:60
LH:0
BRF:0
BRH:0
end_of_record
TN:
SF:controller\LectureController.js
FN:14,findAllController
FN:28,findByIdController
FN:44,registerController
FN:58,updateNameController
FN:73,updateDateController
FN:88,updateTimeController
FN:103,updateDescriptionController
FN:118,updateLinkUrlController
FN:133,updateVideoUrlController
FN:148,deleteController
FNF:10
FNH:0
FNDA:0,findAllController
FNDA:0,findByIdController
FNDA:0,registerController
FNDA:0,updateNameController
FNDA:0,updateDateController
FNDA:0,updateTimeController
FNDA:0,updateDescriptionController
FNDA:0,updateLinkUrlController
FNDA:0,updateVideoUrlController
FNDA:0,deleteController
DA:15,0
DA:16,0
DA:18,0
DA:24,0
DA:29,0
DA:30,0
DA:32,0
DA:34,0
DA:40,0
DA:45,0
DA:46,0
DA:48,0
DA:54,0
DA:59,0
DA:60,0
DA:61,0
DA:63,0
DA:65,0
DA:69,0
DA:74,0
DA:75,0
DA:76,0
DA:78,0
DA:80,0
DA:84,0
DA:89,0
DA:90,0
DA:91,0
DA:93,0
DA:95,0
DA:99,0
DA:104,0
DA:105,0
DA:106,0
DA:108,0
DA:110,0
DA:114,0
DA:119,0
DA:120,0
DA:121,0
DA:123,0
DA:125,0
DA:129,0
DA:134,0
DA:135,0
DA:136,0
DA:138,0
DA:140,0
DA:144,0
DA:149,0
DA:150,0
DA:152,0
DA:154,0
DA:158,0
LF:54
LH:0
BRF:0
BRH:0
end_of_record
TN:
SF:controller\LibraryController.js
FN:4,getBookByIdController
FN:20,findAllBookController
FN:36,createBookController
FN:62,updateBookByNameController
FN:76,updateBookAuthorController
FN:90,updateBookImageController
FN:104,updateBookOverviewController
FN:117,updateBookCuriosityController
FN:130,updateBookTagController
FN:143,updateBookCategoryController
FN:157,updateBookQuantityController
FN:170,updateBookStatusAvailableController
FNF:12
FNH:0
FNDA:0,getBookByIdController
FNDA:0,findAllBookController
FNDA:0,createBookController
FNDA:0,updateBookByNameController
FNDA:0,updateBookAuthorController
FNDA:0,updateBookImageController
FNDA:0,updateBookOverviewController
FNDA:0,updateBookCuriosityController
FNDA:0,updateBookTagController
FNDA:0,updateBookCategoryController
FNDA:0,updateBookQuantityController
FNDA:0,updateBookStatusAvailableController
DA:5,0
DA:6,0
DA:7,0
DA:9,0
DA:11,0
DA:16,0
DA:21,0
DA:22,0
DA:23,0
DA:25,0
DA:27,0
DA:28,0
DA:32,0
DA:37,0
DA:38,0
DA:39,0
DA:51,0
DA:53,0
DA:58,0
DA:63,0
DA:64,0
DA:65,0
DA:67,0
DA:69,0
DA:71,0
DA:77,0
DA:78,0
DA:79,0
DA:81,0
DA:83,0
DA:85,0
DA:91,0
DA:92,0
DA:93,0
DA:95,0
DA:97,0
DA:99,0
DA:105,0
DA:106,0
DA:107,0
DA:109,0
DA:111,0
DA:113,0
DA:118,0
DA:119,0
DA:120,0
DA:122,0
DA:124,0
DA:126,0
DA:131,0
DA:132,0
DA:133,0
DA:135,0
DA:137,0
DA:139,0
DA:144,0
DA:145,0
DA:146,0
DA:148,0
DA:150,0
DA:152,0
DA:158,0
DA:159,0
DA:160,0
DA:162,0
DA:164,0
DA:166,0
DA:171,0
DA:172,0
DA:173,0
DA:175,0
DA:180,0
DA:182,0
LF:73
LH:0
BRDA:9,0,0,0
BRDA:9,0,1,0
BRDA:22,1,0,0
BRDA:22,1,1,0
BRDA:23,2,0,0
BRDA:23,2,1,0
BRDA:27,3,0,0
BRDA:27,3,1,0
BRF:8
BRH:0
end_of_record
TN:
SF:controller\LoanController.js
FN:9,getAllLoansController
FN:18,viewLoansByUserController
FN:28,processLoanController
FN:38,updateReturnDateController
FN:51,deleteLoanController
FNF:5
FNH:0
FNDA:0,getAllLoansController
FNDA:0,viewLoansByUserController
FNDA:0,processLoanController
FNDA:0,updateReturnDateController
FNDA:0,deleteLoanController
DA:10,0
DA:11,0
DA:12,0
DA:14,0
DA:19,0
DA:20,0
DA:21,0
DA:22,0
DA:24,0
DA:29,0
DA:30,0
DA:31,0
DA:32,0
DA:34,0
DA:39,0
DA:40,0
DA:41,0
DA:42,0
DA:44,0
DA:45,0
DA:47,0
DA:52,0
DA:53,0
DA:54,0
DA:56,0
DA:57,0
DA:59,0
LF:27
LH:0
BRF:0
BRH:0
end_of_record
TN:
SF:controller\NotificationController.js
FN:11,getUserNotificationsController
FN:21,markAllAsReadController
FN:31,viewAllNotificationsController
FN:40,createNotificationController
FN:50,updateNotificationStatusController
FN:61,updateNotificationMessageController
FN:73,deleteNotificationController
FNF:7
FNH:0
FNDA:0,getUserNotificationsController
FNDA:0,markAllAsReadController
FNDA:0,viewAllNotificationsController
FNDA:0,createNotificationController
FNDA:0,updateNotificationStatusController
FNDA:0,updateNotificationMessageController
FNDA:0,deleteNotificationController
DA:12,0
DA:13,0
DA:14,0
DA:15,0
DA:17,0
DA:22,0
DA:23,0
DA:24,0
DA:25,0
DA:27,0
DA:32,0
DA:33,0
DA:34,0
DA:36,0
DA:41,0
DA:42,0
DA:43,0
DA:44,0
DA:46,0
DA:51,0
DA:52,0
DA:53,0
DA:54,0
DA:55,0
DA:57,0
DA:62,0
DA:63,0
DA:64,0
DA:65,0
DA:66,0
DA:67,0
DA:69,0
DA:74,0
DA:75,0
DA:76,0
DA:77,0
DA:78,0
DA:80,0
LF:38
LH:0
BRDA:42,0,0,0
BRDA:42,0,1,0
BRF:2
BRH:0
end_of_record
TN:
SF:controller\PostController.js
FN:10,getAllPostsController
FN:19,createPostController
FN:34,getPostByIdController
FN:44,toggleLikeController
FN:55,updatePostController
FN:73,deletePostController
FNF:6
FNH:0
FNDA:0,getAllPostsController
FNDA:0,createPostController
FNDA:0,getPostByIdController
FNDA:0,toggleLikeController
FNDA:0,updatePostController
FNDA:0,deletePostController
DA:11,0
DA:12,0
DA:13,0
DA:15,0
DA:20,0
DA:21,0
DA:22,0
DA:23,0
DA:28,0
DA:30,0
DA:35,0
DA:36,0
DA:37,0
DA:38,0
DA:40,0
DA:45,0
DA:46,0
DA:47,0
DA:48,0
DA:49,0
DA:51,0
DA:56,0
DA:57,0
DA:58,0
DA:59,0
DA:60,0
DA:62,0
DA:63,0
DA:64,0
DA:66,0
DA:67,0
DA:69,0
DA:74,0
DA:75,0
DA:76,0
DA:77,0
DA:78,0
DA:80,0
LF:38
LH:0
BRDA:22,0,0,0
BRDA:22,0,1,0
BRDA:60,1,0,0
BRDA:60,1,1,0
BRDA:63,2,0,0
BRDA:63,2,1,0
BRDA:64,3,0,0
BRDA:64,3,1,0
BRF:8
BRH:0
end_of_record
TN:
SF:controller\ReserveController.js
FN:8,getAllReservesController
FN:17,getReservesByUserController
FN:30,processReservationController
FN:40,deleteReserveController
FNF:4
FNH:0
FNDA:0,getAllReservesController
FNDA:0,getReservesByUserController
FNDA:0,processReservationController
FNDA:0,deleteReserveController
DA:9,0
DA:10,0
DA:11,0
DA:13,0
DA:18,0
DA:19,0
DA:20,0
DA:21,0
DA:23,0
DA:24,0
DA:26,0
DA:31,0
DA:32,0
DA:33,0
DA:34,0
DA:36,0
DA:41,0
DA:42,0
DA:43,0
DA:44,0
DA:46,0
DA:48,0
DA:49,0
DA:51,0
LF:24
LH:0
BRDA:46,0,0,0
BRDA:46,0,1,0
BRF:2
BRH:0
end_of_record
TN:
SF:controller\ReviewSocietyController.js
FN:8,createReviewSocietyController
FN:18,getAllReviewSocietyController
FN:28,updateReviewSocietyController
FN:39,deleteReviewSocietyController
FNF:4
FNH:0
FNDA:0,createReviewSocietyController
FNDA:0,getAllReviewSocietyController
FNDA:0,updateReviewSocietyController
FNDA:0,deleteReviewSocietyController
DA:9,0
DA:10,0
DA:11,0
DA:12,0
DA:14,0
DA:19,0
DA:20,0
DA:21,0
DA:22,0
DA:24,0
DA:29,0
DA:30,0
DA:31,0
DA:32,0
DA:33,0
DA:35,0
DA:40,0
DA:41,0
DA:42,0
DA:43,0
DA:44,0
DA:46,0
LF:22
LH:0
BRF:0
BRH:0
end_of_record
TN:
SF:controller\TopicController.js
FN:9,viewOnlyTopicByIdController
FN:19,viewAllTopicController
FN:28,createTopicController
FN:43,updateTopicController
FN:62,deleteTopicController
FNF:5
FNH:0
FNDA:0,viewOnlyTopicByIdController
FNDA:0,viewAllTopicController
FNDA:0,createTopicController
FNDA:0,updateTopicController
FNDA:0,deleteTopicController
DA:10,0
DA:11,0
DA:12,0
DA:13,0
DA:15,0
DA:20,0
DA:21,0
DA:22,0
DA:24,0
DA:29,0
DA:30,0
DA:31,0
DA:32,0
DA:37,0
DA:39,0
DA:44,0
DA:45,0
DA:46,0
DA:47,0
DA:48,0
DA:50,0
DA:51,0
DA:52,0
DA:53,0
DA:55,0
DA:56,0
DA:58,0
DA:63,0
DA:64,0
DA:65,0
DA:66,0
DA:67,0
DA:69,0
LF:33
LH:0
BRDA:31,0,0,0
BRDA:31,0,1,0
BRDA:48,1,0,0
BRDA:48,1,1,0
BRDA:51,2,0,0
BRDA:51,2,1,0
BRDA:52,3,0,0
BRDA:52,3,1,0
BRDA:53,4,0,0
BRDA:53,4,1,0
BRF:10
BRH:0
end_of_record
TN:
SF:controller\UserController.js
FN:5,getByIdController
FN:22,getAllController
FN:34,registerController
FN:61,updateNameUserController
FN:76,updateUserEmailController
FN:91,updateUserPasswordController
FN:106,updateUserForgotPasswordController
FN:121,updateUserImageProfileController
FN:136,deleteController
FNF:9
FNH:0
FNDA:0,getByIdController
FNDA:0,getAllController
FNDA:0,registerController
FNDA:0,updateNameUserController
FNDA:0,updateUserEmailController
FNDA:0,updateUserPasswordController
FNDA:0,updateUserForgotPasswordController
FNDA:0,updateUserImageProfileController
FNDA:0,deleteController
DA:6,0
DA:7,0
DA:8,0
DA:9,0
DA:11,0
DA:13,0
DA:18,0
DA:23,0
DA:24,0
DA:26,0
DA:30,0
DA:35,0
DA:36,0
DA:37,0
DA:39,0
DA:40,0
DA:43,0
DA:48,0
DA:54,0
DA:62,0
DA:63,0
DA:64,0
DA:66,0
DA:68,0
DA:72,0
DA:77,0
DA:78,0
DA:79,0
DA:81,0
DA:83,0
DA:87,0
DA:92,0
DA:93,0
DA:94,0
DA:96,0
DA:98,0
DA:102,0
DA:107,0
DA:108,0
DA:109,0
DA:111,0
DA:113,0
DA:117,0
DA:122,0
DA:123,0
DA:124,0
DA:126,0
DA:128,0
DA:132,0
DA:137,0
DA:138,0
DA:139,0
DA:140,0
DA:142,0
DA:144,0
DA:149,0
LF:56
LH:0
BRDA:39,0,0,0
BRDA:39,0,1,0
BRDA:124,1,0,0
BRDA:124,1,1,0
BRF:4
BRH:0
end_of_record
TN:
SF:controller\VolunteerWorkController.js
FN:9,getAllVolunteerWorkController
FN:18,getVolunteerWorkByIdController
FN:28,createVolunteerWorkController
FN:37,updateVolunteerWorkController
FN:47,deleteVolunteerWorkController
FNF:5
FNH:0
FNDA:0,getAllVolunteerWorkController
FNDA:0,getVolunteerWorkByIdController
FNDA:0,createVolunteerWorkController
FNDA:0,updateVolunteerWorkController
FNDA:0,deleteVolunteerWorkController
DA:10,0
DA:11,0
DA:12,0
DA:14,0
DA:19,0
DA:20,0
DA:21,0
DA:22,0
DA:24,0
DA:29,0
DA:30,0
DA:31,0
DA:33,0
DA:38,0
DA:39,0
DA:40,0
DA:41,0
DA:43,0
DA:48,0
DA:49,0
DA:50,0
DA:51,0
DA:53,0
LF:23
LH:0
BRF:0
BRH:0
end_of_record
TN:
SF:services\AuthService.js
FN:9,loginService
FN:35,generateOtpService
FN:68,verificationOtpService
FNF:3
FNH:1
FNDA:6,loginService
FNDA:0,generateOtpService
FNDA:0,verificationOtpService
DA:10,6
DA:11,2
DA:14,4
DA:16,4
DA:18,2
DA:20,2
DA:22,1
DA:28,1
DA:36,0
DA:37,0
DA:40,0
DA:42,0
DA:44,0
DA:46,0
DA:53,0
DA:55,0
DA:56,0
DA:58,0
DA:60,0
DA:62,0
DA:70,0
DA:72,0
DA:73,0
DA:74,0
DA:76,0
DA:78,0
LF:26
LH:8
BRDA:10,0,0,2
BRDA:10,0,1,4
BRDA:10,1,0,6
BRDA:10,1,1,5
BRDA:16,2,0,2
BRDA:16,2,1,2
BRDA:20,3,0,1
BRDA:20,3,1,1
BRDA:24,4,0,1
BRDA:24,4,1,1
BRDA:36,5,0,0
BRDA:36,5,1,0
BRDA:44,6,0,0
BRDA:44,6,1,0
BRDA:70,7,0,0
BRDA:70,7,1,0
BRDA:70,8,0,0
BRDA:70,8,1,0
BRDA:76,9,0,0
BRDA:76,9,1,0
BRF:20
BRH:10
end_of_record
TN:
SF:services\CommentService.js
FN:5,getCommentsByPostIdService
FN:10,createCommentService
FN:36,updateCommentService
FN:59,deleteCommentService
FNF:4
FNH:0
FNDA:0,getCommentsByPostIdService
FNDA:0,createCommentService
FNDA:0,updateCommentService
FNDA:0,deleteCommentService
DA:6,0
DA:7,0
DA:11,0
DA:13,0
DA:14,0
DA:17,0
DA:19,0
DA:20,0
DA:23,0
DA:29,0
DA:37,0
DA:39,0
DA:40,0
DA:43,0
DA:44,0
DA:47,0
DA:49,0
DA:50,0
DA:53,0
DA:60,0
DA:62,0
DA:63,0
DA:66,0
DA:67,0
DA:70,0
DA:72,0
DA:73,0
DA:76,0
LF:28
LH:0
BRDA:13,0,0,0
BRDA:13,0,1,0
BRDA:13,1,0,0
BRDA:13,1,1,0
BRDA:19,2,0,0
BRDA:19,2,1,0
BRDA:39,3,0,0
BRDA:39,3,1,0
BRDA:43,4,0,0
BRDA:43,4,1,0
BRDA:49,5,0,0
BRDA:49,5,1,0
BRDA:62,6,0,0
BRDA:62,6,1,0
BRDA:66,7,0,0
BRDA:66,7,1,0
BRDA:72,8,0,0
BRDA:72,8,1,0
BRF:18
BRH:0
end_of_record
TN:
SF:services\EmailService.js
FN:4,sendOtpEmail
FN:31,sendLibraryReceiptEmail
FNF:2
FNH:0
FNDA:0,sendOtpEmail
FNDA:0,sendLibraryReceiptEmail
DA:2,0
DA:5,0
DA:27,0
DA:32,0
DA:34,0
DA:67,0
LF:6
LH:0
BRDA:27,0,0,0
BRDA:27,0,1,0
BRDA:47,1,0,0
BRDA:47,1,1,0
BRDA:67,2,0,0
BRDA:67,2,1,0
BRF:6
BRH:0
end_of_record
TN:
SF:services\FavoriteService.js
FN:5,viewAllFavoritesByUserService
FN:19,createFavoriteBookService
FNF:2
FNH:0
FNDA:0,viewAllFavoritesByUserService
FNDA:0,createFavoriteBookService
DA:6,0
DA:8,0
DA:9,0
DA:12,0
DA:20,0
DA:21,0
DA:24,0
DA:26,0
DA:27,0
DA:30,0
DA:35,0
LF:11
LH:0
BRDA:8,0,0,0
BRDA:8,0,1,0
BRDA:8,1,0,0
BRDA:8,1,1,0
BRDA:20,2,0,0
BRDA:20,2,1,0
BRDA:20,3,0,0
BRDA:20,3,1,0
BRDA:26,4,0,0
BRDA:26,4,1,0
BRF:10
BRH:0
end_of_record
TN:
SF:services\GroupOfStudyService.js
FN:6,getGroupsService
FN:16,getGroupsByTypeService
FN:35,createGroupService
FN:82,fetchGroupOrFail
FN:89,updateGroupNameService
FN:99,updateGroupDescriptionService
FN:109,updateGroupDayOfWeekService
FN:119,updateGroupStartTimeService
FN:129,updateGroupEndTimeService
FN:139,updateGroupTypeService
FN:149,updateGroupRequirementsService
FN:160,deleteGroupService
FNF:12
FNH:0
FNDA:0,getGroupsService
FNDA:0,getGroupsByTypeService
FNDA:0,createGroupService
FNDA:0,fetchGroupOrFail
FNDA:0,updateGroupNameService
FNDA:0,updateGroupDescriptionService
FNDA:0,updateGroupDayOfWeekService
FNDA:0,updateGroupStartTimeService
FNDA:0,updateGroupEndTimeService
FNDA:0,updateGroupTypeService
FNDA:0,updateGroupRequirementsService
FNDA:0,deleteGroupService
DA:7,0
DA:9,0
DA:17,0
DA:18,0
DA:21,0
DA:23,0
DA:24,0
DA:27,0
DA:45,0
DA:47,0
DA:48,0
DA:54,0
DA:59,0
DA:60,0
DA:63,0
DA:74,0
DA:83,0
DA:84,0
DA:86,0
DA:90,0
DA:92,0
DA:94,0
DA:96,0
DA:100,0
DA:102,0
DA:104,0
DA:106,0
DA:110,0
DA:112,0
DA:114,0
DA:116,0
DA:120,0
DA:122,0
DA:124,0
DA:126,0
DA:130,0
DA:132,0
DA:134,0
DA:136,0
DA:140,0
DA:142,0
DA:144,0
DA:146,0
DA:150,0
DA:152,0
DA:154,0
DA:156,0
DA:161,0
DA:162,0
DA:165,0
DA:167,0
DA:169,0
LF:52
LH:0
BRDA:17,0,0,0
BRDA:17,0,1,0
BRDA:23,1,0,0
BRDA:23,1,1,0
BRDA:23,2,0,0
BRDA:23,2,1,0
BRDA:47,3,0,0
BRDA:47,3,1,0
BRDA:47,4,0,0
BRDA:47,4,1,0
BRDA:47,4,2,0
BRDA:47,4,3,0
BRDA:59,5,0,0
BRDA:59,5,1,0
BRDA:67,6,0,0
BRDA:67,6,1,0
BRDA:68,7,0,0
BRDA:68,7,1,0
BRDA:69,8,0,0
BRDA:69,8,1,0
BRDA:71,9,0,0
BRDA:71,9,1,0
BRDA:84,10,0,0
BRDA:84,10,1,0
BRDA:90,11,0,0
BRDA:90,11,1,0
BRDA:100,12,0,0
BRDA:100,12,1,0
BRDA:110,13,0,0
BRDA:110,13,1,0
BRDA:120,14,0,0
BRDA:120,14,1,0
BRDA:130,15,0,0
BRDA:130,15,1,0
BRDA:140,16,0,0
BRDA:140,16,1,0
BRDA:150,17,0,0
BRDA:150,17,1,0
BRDA:161,18,0,0
BRDA:161,18,1,0
BRF:40
BRH:0
end_of_record
TN:
SF:services\LectureService.js
FN:5,listLecture
FN:17,getLectureById
FN:39,register
FN:80,updateLectureNameService
FN:100,updateLectureDateService
FN:119,updateLectureTimeService
FN:138,updateLectureDescriptionService
FN:158,updateLectureLinkUrlService
FN:177,updateLectureVideoUrlService
FN:197,deleteLectureService
FNF:10
FNH:0
FNDA:0,listLecture
FNDA:0,getLectureById
FNDA:0,register
FNDA:0,updateLectureNameService
FNDA:0,updateLectureDateService
FNDA:0,updateLectureTimeService
FNDA:0,updateLectureDescriptionService
FNDA:0,updateLectureLinkUrlService
FNDA:0,updateLectureVideoUrlService
FNDA:0,deleteLectureService
DA:6,0
DA:8,0
DA:9,0
DA:12,0
DA:19,0
DA:21,0
DA:23,0
DA:25,0
DA:48,0
DA:50,0
DA:51,0
DA:54,0
DA:56,0
DA:58,0
DA:68,0
DA:82,0
DA:83,0
DA:86,0
DA:90,0
DA:91,0
DA:94,0
DA:101,0
DA:102,0
DA:105,0
DA:109,0
DA:110,0
DA:113,0
DA:120,0
DA:121,0
DA:124,0
DA:128,0
DA:129,0
DA:132,0
DA:139,0
DA:140,0
DA:143,0
DA:147,0
DA:148,0
DA:151,0
DA:159,0
DA:160,0
DA:163,0
DA:167,0
DA:168,0
DA:171,0
DA:178,0
DA:179,0
DA:182,0
DA:186,0
DA:187,0
DA:190,0
DA:198,0
DA:199,0
DA:202,0
DA:204,0
DA:206,0
DA:208,0
LF:57
LH:0
BRDA:8,0,0,0
BRDA:8,0,1,0
BRDA:8,1,0,0
BRDA:8,1,1,0
BRDA:19,2,0,0
BRDA:19,2,1,0
BRDA:23,3,0,0
BRDA:23,3,1,0
BRDA:23,4,0,0
BRDA:23,4,1,0
BRDA:50,5,0,0
BRDA:50,5,1,0
BRDA:50,6,0,0
BRDA:50,6,1,0
BRDA:50,6,2,0
BRDA:50,6,3,0
BRDA:50,6,4,0
BRDA:56,7,0,0
BRDA:56,7,1,0
BRDA:82,8,0,0
BRDA:82,8,1,0
BRDA:82,9,0,0
BRDA:82,9,1,0
BRDA:90,10,0,0
BRDA:90,10,1,0
BRDA:101,11,0,0
BRDA:101,11,1,0
BRDA:101,12,0,0
BRDA:101,12,1,0
BRDA:109,13,0,0
BRDA:109,13,1,0
BRDA:120,14,0,0
BRDA:120,14,1,0
BRDA:120,15,0,0
BRDA:120,15,1,0
BRDA:128,16,0,0
BRDA:128,16,1,0
BRDA:139,17,0,0
BRDA:139,17,1,0
BRDA:139,18,0,0
BRDA:139,18,1,0
BRDA:147,19,0,0
BRDA:147,19,1,0
BRDA:159,20,0,0
BRDA:159,20,1,0
BRDA:167,21,0,0
BRDA:167,21,1,0
BRDA:178,22,0,0
BRDA:178,22,1,0
BRDA:186,23,0,0
BRDA:186,23,1,0
BRDA:198,24,0,0
BRDA:198,24,1,0
BRDA:204,25,0,0
BRDA:204,25,1,0
BRF:55
BRH:0
end_of_record
TN:
SF:services\LibraryService.js
FN:5,viewAllBooksService
FN:32,viewOnlyOneBookService
FN:50,createBookService
FN:116,updateNameBookService
FN:139,updateAuthorBookService
FN:163,updateBookImageService
FN:185,updateBookCategoryService
FN:208,updateTagBookService
FN:231,updateOverViewService
FN:253,updateCuriosityBookService
FN:275,updateBookQuantityService
FN:299,updateStatusAvailableService
FN:335,deleteBookService
FNF:13
FNH:0
FNDA:0,viewAllBooksService
FNDA:0,viewOnlyOneBookService
FNDA:0,createBookService
FNDA:0,updateNameBookService
FNDA:0,updateAuthorBookService
FNDA:0,updateBookImageService
FNDA:0,updateBookCategoryService
FNDA:0,updateTagBookService
FNDA:0,updateOverViewService
FNDA:0,updateCuriosityBookService
FNDA:0,updateBookQuantityService
FNDA:0,updateStatusAvailableService
FNDA:0,deleteBookService
DA:6,0
DA:7,0
DA:11,0
DA:13,0
DA:15,0
DA:16,0
DA:19,0
DA:33,0
DA:34,0
DA:37,0
DA:39,0
DA:40,0
DA:43,0
DA:61,0
DA:62,0
DA:74,0
DA:77,0
DA:78,0
DA:84,0
DA:90,0
DA:96,0
DA:97,0
DA:103,0
DA:105,0
DA:107,0
DA:109,0
DA:117,0
DA:118,0
DA:121,0
DA:123,0
DA:125,0
DA:129,0
DA:130,0
DA:133,0
DA:140,0
DA:141,0
DA:144,0
DA:146,0
DA:148,0
DA:152,0
DA:153,0
DA:156,0
DA:164,0
DA:165,0
DA:168,0
DA:169,0
DA:171,0
DA:175,0
DA:176,0
DA:179,0
DA:186,0
DA:187,0
DA:190,0
DA:191,0
DA:193,0
DA:197,0
DA:198,0
DA:201,0
DA:209,0
DA:210,0
DA:213,0
DA:214,0
DA:216,0
DA:220,0
DA:221,0
DA:224,0
DA:232,0
DA:233,0
DA:236,0
DA:237,0
DA:239,0
DA:243,0
DA:244,0
DA:247,0
DA:254,0
DA:255,0
DA:258,0
DA:259,0
DA:261,0
DA:265,0
DA:266,0
DA:269,0
DA:276,0
DA:277,0
DA:280,0
DA:281,0
DA:283,0
DA:287,0
DA:288,0
DA:291,0
DA:303,0
DA:304,0
DA:307,0
DA:313,0
DA:319,0
DA:321,0
DA:323,0
DA:327,0
DA:329,0
DA:336,0
DA:337,0
LF:101
LH:0
BRDA:6,0,0,0
BRDA:6,0,1,0
BRDA:6,1,0,0
BRDA:6,1,1,0
BRDA:15,2,0,0
BRDA:15,2,1,0
BRDA:33,3,0,0
BRDA:33,3,1,0
BRDA:33,4,0,0
BRDA:33,4,1,0
BRDA:39,5,0,0
BRDA:39,5,1,0
BRDA:62,6,0,0
BRDA:62,6,1,0
BRDA:63,7,0,0
BRDA:63,7,1,0
BRDA:63,7,2,0
BRDA:63,7,3,0
BRDA:63,7,4,0
BRDA:63,7,5,0
BRDA:63,7,6,0
BRDA:63,7,7,0
BRDA:63,7,8,0
BRDA:63,7,9,0
BRDA:77,8,0,0
BRDA:77,8,1,0
BRDA:77,9,0,0
BRDA:77,9,1,0
BRDA:84,10,0,0
BRDA:84,10,1,0
BRDA:85,11,0,0
BRDA:85,11,1,0
BRDA:85,11,2,0
BRDA:85,11,3,0
BRDA:96,12,0,0
BRDA:96,12,1,0
BRDA:96,13,0,0
BRDA:96,13,1,0
BRDA:105,14,0,0
BRDA:105,14,1,0
BRDA:117,15,0,0
BRDA:117,15,1,0
BRDA:117,16,0,0
BRDA:117,16,1,0
BRDA:123,17,0,0
BRDA:123,17,1,0
BRDA:129,18,0,0
BRDA:129,18,1,0
BRDA:140,19,0,0
BRDA:140,19,1,0
BRDA:140,20,0,0
BRDA:140,20,1,0
BRDA:146,21,0,0
BRDA:146,21,1,0
BRDA:152,22,0,0
BRDA:152,22,1,0
BRDA:164,23,0,0
BRDA:164,23,1,0
BRDA:164,24,0,0
BRDA:164,24,1,0
BRDA:169,25,0,0
BRDA:169,25,1,0
BRDA:175,26,0,0
BRDA:175,26,1,0
BRDA:186,27,0,0
BRDA:186,27,1,0
BRDA:186,28,0,0
BRDA:186,28,1,0
BRDA:191,29,0,0
BRDA:191,29,1,0
BRDA:197,30,0,0
BRDA:197,30,1,0
BRDA:209,31,0,0
BRDA:209,31,1,0
BRDA:209,32,0,0
BRDA:209,32,1,0
BRDA:214,33,0,0
BRDA:214,33,1,0
BRDA:220,34,0,0
BRDA:220,34,1,0
BRDA:232,35,0,0
BRDA:232,35,1,0
BRDA:232,36,0,0
BRDA:232,36,1,0
BRDA:237,37,0,0
BRDA:237,37,1,0
BRDA:243,38,0,0
BRDA:243,38,1,0
BRDA:254,39,0,0
BRDA:254,39,1,0
BRDA:254,40,0,0
BRDA:254,40,1,0
BRDA:259,41,0,0
BRDA:259,41,1,0
BRDA:265,42,0,0
BRDA:265,42,1,0
BRDA:276,43,0,0
BRDA:276,43,1,0
BRDA:276,44,0,0
BRDA:276,44,1,0
BRDA:281,45,0,0
BRDA:281,45,1,0
BRDA:287,46,0,0
BRDA:287,46,1,0
BRDA:303,47,0,0
BRDA:303,47,1,0
BRDA:303,48,0,0
BRDA:303,48,1,0
BRDA:307,49,0,0
BRDA:307,49,1,0
BRDA:308,50,0,0
BRDA:308,50,1,0
BRDA:308,50,2,0
BRDA:308,50,3,0
BRDA:321,51,0,0
BRDA:321,51,1,0
BRDA:327,52,0,0
BRDA:327,52,1,0
BRDA:336,53,0,0
BRDA:336,53,1,0
BRF:120
BRH:0
end_of_record
TN:
SF:services\LoanService.js
FN:8,getAllLoansService
FN:17,getLoansByUserService
FN:38,processLoanService
FN:107,updateLoanFieldService
FN:129,deleteLoanService
FNF:5
FNH:0
FNDA:0,getAllLoansService
FNDA:0,getLoansByUserService
FNDA:0,processLoanService
FNDA:0,updateLoanFieldService
FNDA:0,deleteLoanService
DA:9,0
DA:10,0
DA:18,0
DA:20,0
DA:21,0
DA:26,0
DA:27,0
DA:30,0
DA:39,0
DA:41,0
DA:42,0
DA:43,0
DA:45,0
DA:46,0
DA:48,0
DA:49,0
DA:53,0
DA:54,0
DA:56,0
DA:65,0
DA:66,0
DA:67,0
DA:68,0
DA:69,0
DA:70,0
DA:73,0
DA:79,0
DA:80,0
DA:81,0
DA:82,0
DA:93,0
DA:98,0
DA:100,0
DA:108,0
DA:109,0
DA:110,0
DA:113,0
DA:114,0
DA:117,0
DA:119,0
DA:120,0
DA:123,0
DA:130,0
DA:131,0
DA:132,0
DA:135,0
DA:136,0
DA:139,0
DA:141,0
DA:142,0
DA:145,0
LF:51
LH:0
BRDA:20,0,0,0
BRDA:20,0,1,0
BRDA:20,1,0,0
BRDA:20,1,1,0
BRDA:26,2,0,0
BRDA:26,2,1,0
BRDA:42,3,0,0
BRDA:42,3,1,0
BRDA:43,4,0,0
BRDA:43,4,1,0
BRDA:46,5,0,0
BRDA:46,5,1,0
BRDA:48,6,0,0
BRDA:48,6,1,0
BRDA:48,7,0,0
BRDA:48,7,1,0
BRDA:67,8,0,0
BRDA:67,8,1,0
BRDA:69,9,0,0
BRDA:69,9,1,0
BRDA:80,10,0,0
BRDA:80,10,1,0
BRDA:109,11,0,0
BRDA:109,11,1,0
BRDA:113,12,0,0
BRDA:113,12,1,0
BRDA:119,13,0,0
BRDA:119,13,1,0
BRDA:131,14,0,0
BRDA:131,14,1,0
BRDA:135,15,0,0
BRDA:135,15,1,0
BRDA:141,16,0,0
BRDA:141,16,1,0
BRF:34
BRH:0
end_of_record
TN:
SF:services\NotificationService.js
FN:6,getUserNotificationsService
FN:15,markAllAsReadService
FN:23,viewAllNotificationsService
FN:32,createNotificationService
FN:67,updateNotificationStatusService
FN:86,updateNotificationMessageService
FN:109,deleteNotificationService
FNF:7
FNH:0
FNDA:0,getUserNotificationsService
FNDA:0,markAllAsReadService
FNDA:0,viewAllNotificationsService
FNDA:0,createNotificationService
FNDA:0,updateNotificationStatusService
FNDA:0,updateNotificationMessageService
FNDA:0,deleteNotificationService
DA:7,0
DA:8,0
DA:16,0
DA:17,0
DA:24,0
DA:25,0
DA:33,0
DA:35,0
DA:36,0
DA:39,0
DA:41,0
DA:42,0
DA:45,0
DA:53,0
DA:54,0
DA:56,0
DA:59,0
DA:68,0
DA:70,0
DA:71,0
DA:74,0
DA:76,0
DA:77,0
DA:80,0
DA:87,0
DA:88,0
DA:91,0
DA:93,0
DA:94,0
DA:97,0
DA:99,0
DA:100,0
DA:103,0
DA:110,0
DA:112,0
DA:113,0
DA:116,0
DA:118,0
DA:119,0
DA:122,0
LF:40
LH:0
BRDA:35,0,0,0
BRDA:35,0,1,0
BRDA:35,1,0,0
BRDA:35,1,1,0
BRDA:35,1,2,0
BRDA:41,2,0,0
BRDA:41,2,1,0
BRDA:70,3,0,0
BRDA:70,3,1,0
BRDA:76,4,0,0
BRDA:76,4,1,0
BRDA:87,5,0,0
BRDA:87,5,1,0
BRDA:93,6,0,0
BRDA:93,6,1,0
BRDA:99,7,0,0
BRDA:99,7,1,0
BRDA:112,8,0,0
BRDA:112,8,1,0
BRDA:118,9,0,0
BRDA:118,9,1,0
BRF:21
BRH:0
end_of_record
TN:
SF:services\PostService.js
FN:6,(anonymous_0)
FN:10,getAllPostsService
FN:15,createPostService
FN:36,getPostByIdService
FN:46,toggleLikeService
FN:58,updatePostFieldService
FN:82,deletePostService
FNF:7
FNH:0
FNDA:0,(anonymous_0)
FNDA:0,getAllPostsService
FNDA:0,createPostService
FNDA:0,getPostByIdService
FNDA:0,toggleLikeService
FNDA:0,updatePostFieldService
FNDA:0,deletePostService
DA:6,0
DA:7,0
DA:11,0
DA:12,0
DA:16,0
DA:18,0
DA:19,0
DA:22,0
DA:30,0
DA:37,0
DA:39,0
DA:40,0
DA:43,0
DA:47,0
DA:49,0
DA:50,0
DA:51,0
DA:53,0
DA:54,0
DA:59,0
DA:61,0
DA:62,0
DA:66,0
DA:67,0
DA:70,0
DA:72,0
DA:73,0
DA:76,0
DA:83,0
DA:85,0
DA:86,0
DA:89,0
DA:90,0
DA:93,0
DA:95,0
DA:96,0
DA:99,0
DA:101,0
LF:38
LH:0
BRDA:18,0,0,0
BRDA:18,0,1,0
BRDA:18,1,0,0
BRDA:18,1,1,0
BRDA:24,2,0,0
BRDA:24,2,1,0
BRDA:39,3,0,0
BRDA:39,3,1,0
BRDA:49,4,0,0
BRDA:49,4,1,0
BRDA:61,5,0,0
BRDA:61,5,1,0
BRDA:66,6,0,0
BRDA:66,6,1,0
BRDA:72,7,0,0
BRDA:72,7,1,0
BRDA:85,8,0,0
BRDA:85,8,1,0
BRDA:89,9,0,0
BRDA:89,9,1,0
BRDA:95,10,0,0
BRDA:95,10,1,0
BRF:22
BRH:0
end_of_record
TN:
SF:services\ReserveService.js
FN:8,getAllReservesService
FN:20,getReservesByUserService
FN:44,processReservationService
FN:122,deleteReserveService
FNF:4
FNH:0
FNDA:0,getAllReservesService
FNDA:0,getReservesByUserService
FNDA:0,processReservationService
FNDA:0,deleteReserveService
DA:9,0
DA:10,0
DA:11,0
DA:13,0
DA:21,0
DA:22,0
DA:25,0
DA:27,0
DA:28,0
DA:36,0
DA:45,0
DA:47,0
DA:48,0
DA:49,0
DA:52,0
DA:53,0
DA:56,0
DA:57,0
DA:58,0
DA:61,0
DA:62,0
DA:66,0
DA:67,0
DA:68,0
DA:70,0
DA:80,0
DA:81,0
DA:82,0
DA:83,0
DA:84,0
DA:85,0
DA:88,0
DA:94,0
DA:95,0
DA:96,0
DA:97,0
DA:108,0
DA:113,0
DA:115,0
DA:123,0
DA:125,0
DA:126,0
DA:129,0
DA:130,0
DA:133,0
DA:135,0
DA:136,0
DA:139,0
LF:48
LH:0
BRDA:10,0,0,0
BRDA:10,0,1,0
BRDA:10,1,0,0
BRDA:10,1,1,0
BRDA:21,2,0,0
BRDA:21,2,1,0
BRDA:21,3,0,0
BRDA:21,3,1,0
BRDA:21,3,2,0
BRDA:27,4,0,0
BRDA:27,4,1,0
BRDA:27,5,0,0
BRDA:27,5,1,0
BRDA:48,6,0,0
BRDA:48,6,1,0
BRDA:52,7,0,0
BRDA:52,7,1,0
BRDA:57,8,0,0
BRDA:57,8,1,0
BRDA:61,9,0,0
BRDA:61,9,1,0
BRDA:61,10,0,0
BRDA:61,10,1,0
BRDA:82,11,0,0
BRDA:82,11,1,0
BRDA:84,12,0,0
BRDA:84,12,1,0
BRDA:95,13,0,0
BRDA:95,13,1,0
BRDA:125,14,0,0
BRDA:125,14,1,0
BRDA:129,15,0,0
BRDA:129,15,1,0
BRDA:129,16,0,0
BRDA:129,16,1,0
BRDA:129,16,2,0
BRDA:135,17,0,0
BRDA:135,17,1,0
BRF:38
BRH:0
end_of_record
TN:
SF:services\ReviewSocietyService.js
FN:5,createReviewSocietyService
FN:31,getAllReviewSocietyService
FN:42,updateReviewSocietyService
FN:73,deleteReviewSocietyService
FNF:4
FNH:0
FNDA:0,createReviewSocietyService
FNDA:0,getAllReviewSocietyService
FNDA:0,updateReviewSocietyService
FNDA:0,deleteReviewSocietyService
DA:6,0
DA:8,0
DA:9,0
DA:12,0
DA:14,0
DA:15,0
DA:18,0
DA:24,0
DA:32,0
DA:33,0
DA:35,0
DA:43,0
DA:45,0
DA:46,0
DA:49,0
DA:51,0
DA:52,0
DA:55,0
DA:60,0
DA:61,0
DA:64,0
DA:66,0
DA:74,0
DA:75,0
DA:78,0
DA:80,0
DA:81,0
DA:84,0
DA:86,0
DA:87,0
DA:90,0
LF:31
LH:0
BRDA:8,0,0,0
BRDA:8,0,1,0
BRDA:8,1,0,0
BRDA:8,1,1,0
BRDA:8,1,2,0
BRDA:14,2,0,0
BRDA:14,2,1,0
BRDA:31,3,0,0
BRDA:32,4,0,0
BRDA:32,4,1,0
BRDA:45,5,0,0
BRDA:45,5,1,0
BRDA:45,6,0,0
BRDA:45,6,1,0
BRDA:45,6,2,0
BRDA:45,6,3,0
BRDA:51,7,0,0
BRDA:51,7,1,0
BRDA:60,8,0,0
BRDA:60,8,1,0
BRDA:74,9,0,0
BRDA:74,9,1,0
BRDA:74,10,0,0
BRDA:74,10,1,0
BRDA:80,11,0,0
BRDA:80,11,1,0
BRDA:86,12,0,0
BRDA:86,12,1,0
BRF:28
BRH:0
end_of_record
TN:
SF:services\TopicService.js
FN:6,(anonymous_0)
FN:10,viewOnlyTopicByIdService
FN:35,viewAllTopicService
FN:45,createTopicService
FN:82,updateTopicFieldService
FN:109,deleteTopicService
FNF:6
FNH:0
FNDA:0,(anonymous_0)
FNDA:0,viewOnlyTopicByIdService
FNDA:0,viewAllTopicService
FNDA:0,createTopicService
FNDA:0,updateTopicFieldService
FNDA:0,deleteTopicService
DA:6,0
DA:7,0
DA:11,0
DA:12,0
DA:15,0
DA:17,0
DA:18,0
DA:21,0
DA:28,0
DA:36,0
DA:38,0
DA:46,0
DA:48,0
DA:49,0
DA:52,0
DA:54,0
DA:55,0
DA:58,0
DA:66,0
DA:75,0
DA:83,0
DA:84,0
DA:87,0
DA:89,0
DA:90,0
DA:93,0
DA:94,0
DA:97,0
DA:99,0
DA:100,0
DA:103,0
DA:110,0
DA:111,0
DA:114,0
DA:116,0
DA:117,0
DA:120,0
DA:121,0
DA:124,0
DA:126,0
DA:127,0
DA:130,0
DA:135,0
LF:43
LH:0
BRDA:11,0,0,0
BRDA:11,0,1,0
BRDA:17,1,0,0
BRDA:17,1,1,0
BRDA:48,2,0,0
BRDA:48,2,1,0
BRDA:48,3,0,0
BRDA:48,3,1,0
BRDA:48,3,2,0
BRDA:48,3,3,0
BRDA:54,4,0,0
BRDA:54,4,1,0
BRDA:83,5,0,0
BRDA:83,5,1,0
BRDA:89,6,0,0
BRDA:89,6,1,0
BRDA:93,7,0,0
BRDA:93,7,1,0
BRDA:99,8,0,0
BRDA:99,8,1,0
BRDA:110,9,0,0
BRDA:110,9,1,0
BRDA:116,10,0,0
BRDA:116,10,1,0
BRDA:120,11,0,0
BRDA:120,11,1,0
BRDA:126,12,0,0
BRDA:126,12,1,0
BRF:28
BRH:0
end_of_record
TN:
SF:services\UploadService.js
FN:1,uploadImage
FN:2,(anonymous_1)
FN:8,(anonymous_2)
FNF:3
FNH:0
FNDA:0,uploadImage
FNDA:0,(anonymous_1)
FNDA:0,(anonymous_2)
DA:2,0
DA:3,0
DA:9,0
DA:10,0
DA:13,0
LF:5
LH:0
BRDA:9,0,0,0
BRDA:9,0,1,0
BRF:2
BRH:0
end_of_record
TN:
SF:services\UserService.js
FN:5,getAllService
FN:18,getByIdService
FN:44,register
FN:71,updateNameUserService
FN:91,updateUserEmailService
FN:111,updateUserPasswordService
FN:143,updateUserForgotPasswordService
FN:169,updateUserImageProfileService
FN:200,deleteService
FNF:9
FNH:0
FNDA:0,getAllService
FNDA:0,getByIdService
FNDA:0,register
FNDA:0,updateNameUserService
FNDA:0,updateUserEmailService
FNDA:0,updateUserPasswordService
FNDA:0,updateUserForgotPasswordService
FNDA:0,updateUserImageProfileService
FNDA:0,deleteService
DA:6,0
DA:8,0
DA:9,0
DA:12,0
DA:19,0
DA:20,0
DA:23,0
DA:28,0
DA:31,0
DA:33,0
DA:34,0
DA:37,0
DA:45,0
DA:47,0
DA:48,0
DA:50,0
DA:52,0
DA:54,0
DA:56,0
DA:63,0
DA:72,0
DA:73,0
DA:76,0
DA:80,0
DA:81,0
DA:84,0
DA:92,0
DA:93,0
DA:96,0
DA:100,0
DA:101,0
DA:104,0
DA:112,0
DA:113,0
DA:116,0
DA:118,0
DA:120,0
DA:122,0
DA:124,0
DA:126,0
DA:128,0
DA:132,0
DA:133,0
DA:136,0
DA:144,0
DA:145,0
DA:148,0
DA:150,0
DA:152,0
DA:154,0
DA:158,0
DA:159,0
DA:162,0
DA:170,0
DA:171,0
DA:174,0
DA:176,0
DA:177,0
DA:182,0
DA:186,0
DA:187,0
DA:193,0
DA:201,0
DA:202,0
DA:205,0
DA:210,0
DA:213,0
DA:215,0
DA:216,0
DA:222,0
DA:224,0
LF:71
LH:0
BRDA:8,0,0,0
BRDA:8,0,1,0
BRDA:19,1,0,0
BRDA:19,1,1,0
BRDA:23,2,0,0
BRDA:23,2,1,0
BRDA:24,3,0,0
BRDA:24,3,1,0
BRDA:24,3,2,0
BRDA:33,4,0,0
BRDA:33,4,1,0
BRDA:47,5,0,0
BRDA:47,5,1,0
BRDA:47,6,0,0
BRDA:47,6,1,0
BRDA:47,6,2,0
BRDA:52,7,0,0
BRDA:52,7,1,0
BRDA:60,8,0,0
BRDA:60,8,1,0
BRDA:72,9,0,0
BRDA:72,9,1,0
BRDA:80,10,0,0
BRDA:80,10,1,0
BRDA:92,11,0,0
BRDA:92,11,1,0
BRDA:100,12,0,0
BRDA:100,12,1,0
BRDA:112,13,0,0
BRDA:112,13,1,0
BRDA:112,14,0,0
BRDA:112,14,1,0
BRDA:112,14,2,0
BRDA:112,14,3,0
BRDA:118,15,0,0
BRDA:118,15,1,0
BRDA:122,16,0,0
BRDA:122,16,1,0
BRDA:124,17,0,0
BRDA:124,17,1,0
BRDA:132,18,0,0
BRDA:132,18,1,0
BRDA:144,19,0,0
BRDA:144,19,1,0
BRDA:144,20,0,0
BRDA:144,20,1,0
BRDA:150,21,0,0
BRDA:150,21,1,0
BRDA:158,22,0,0
BRDA:158,22,1,0
BRDA:170,23,0,0
BRDA:170,23,1,0
BRDA:176,24,0,0
BRDA:176,24,1,0
BRDA:183,25,0,0
BRDA:183,25,1,0
BRDA:186,26,0,0
BRDA:186,26,1,0
BRDA:201,27,0,0
BRDA:201,27,1,0
BRDA:205,28,0,0
BRDA:205,28,1,0
BRDA:206,29,0,0
BRDA:206,29,1,0
BRDA:206,29,2,0
BRDA:215,30,0,0
BRDA:215,30,1,0
BRF:67
BRH:0
end_of_record
TN:
SF:services\VolunteerWorkService.js
FN:5,getAllVolunteerWorkService
FN:19,getVolunteerWorkByIdService
FN:37,createVolunteerWorkService
FN:70,updateVolunteerWorkFieldService
FN:95,deleteVolunteerWorkService
FNF:5
FNH:0
FNDA:0,getAllVolunteerWorkService
FNDA:0,getVolunteerWorkByIdService
FNDA:0,createVolunteerWorkService
FNDA:0,updateVolunteerWorkFieldService
FNDA:0,deleteVolunteerWorkService
DA:6,0
DA:8,0
DA:9,0
DA:12,0
DA:20,0
DA:21,0
DA:24,0
DA:26,0
DA:27,0
DA:30,0
DA:38,0
DA:40,0
DA:41,0
DA:44,0
DA:51,0
DA:52,0
DA:55,0
DA:63,0
DA:71,0
DA:72,0
DA:75,0
DA:76,0
DA:77,0
DA:80,0
DA:82,0
DA:83,0
DA:86,0
DA:88,0
DA:96,0
DA:97,0
DA:100,0
DA:101,0
DA:102,0
DA:105,0
DA:107,0
DA:108,0
DA:111,0
LF:37
LH:0
BRDA:8,0,0,0
BRDA:8,0,1,0
BRDA:8,1,0,0
BRDA:8,1,1,0
BRDA:20,2,0,0
BRDA:20,2,1,0
BRDA:26,3,0,0
BRDA:26,3,1,0
BRDA:40,4,0,0
BRDA:40,4,1,0
BRDA:40,5,0,0
BRDA:40,5,1,0
BRDA:40,5,2,0
BRDA:40,5,3,0
BRDA:51,6,0,0
BRDA:51,6,1,0
BRDA:71,7,0,0
BRDA:71,7,1,0
BRDA:76,8,0,0
BRDA:76,8,1,0
BRDA:82,9,0,0
BRDA:82,9,1,0
BRDA:96,10,0,0
BRDA:96,10,1,0
BRDA:101,11,0,0
BRDA:101,11,1,0
BRDA:107,12,0,0
BRDA:107,12,1,0
BRF:28
BRH:0
end_of_record
